#
# A fatal error has been detected by the Java Runtime Environment:
#
#  SIGBUS (0x7) at pc=0x00002b490660e140, pid=8463, tid=47592651745024
#
# JRE version: 7.0_02-b13
# Java VM: Java HotSpot(TM) 64-Bit Server VM (22.0-b10 mixed mode linux-amd64 compressed oops)
# Problematic frame:
# V  [libjvm.so+0x226140]  arrayKlassKlass::oop_oop_iterate(oopDesc*, OopClosure*)+0x90
#
# Failed to write core dump. Core dumps have been disabled. To enable core dumping, try "ulimit -c unlimited" before starting Java again
#
# If you would like to submit a bug report, please visit:
#   http://bugreport.sun.com/bugreport/crash.jsp
#

---------------  T H R E A D  ---------------

Current thread (0x00002b4908006800):  JavaThread "Unknown thread" [_thread_in_vm, id=8464, stack(0x00002b490709e000,0x00002b490719f000)]

siginfo:si_signo=SIGBUS: si_errno=0, si_code=2 (BUS_ADRERR), si_addr=0x00002b490660e140

Registers:
RAX=0x0000000508c00000, RBX=0x00002b4908004ca0, RCX=0x0000000000000003, RDX=0x0000000508c00000
RSP=0x00002b490719da98, RBP=0x00002b490719daf0, RSI=0x0000000000000000, RDI=0x00002b4908006800
R8 =0x0000000000000001, R9 =0x0000000000000007, R10=0x0000000000000016, R11=0x0000000000000000
R12=0x00002b4908006800, R13=0x0000000000000000, R14=0x00002b4907046038, R15=0x0000000000000000
RIP=0x00002b490660e140, EFLAGS=0x0000000000010246, CSGSFS=0x0000000000000033, ERR=0x0000000000000014
  TRAPNO=0x000000000000000e

Top of Stack: (sp=0x00002b490719da98)
0x00002b490719da98:   00002b4906c19760 00002b4908005600
0x00002b490719daa8:   00002b49080050b0 00002b49080050c0
0x00002b490719dab8:   00002b4908005498 00002b49067dc1e0
0x00002b490719dac8:   0000000000000000 00002b490719db00
0x00002b490719dad8:   00002b4908006800 00002b490719de50
0x00002b490719dae8:   0000000000000000 00002b490719db20
0x00002b490719daf8:   00002b4906c19f84 00002b4908006800
0x00002b490719db08:   00002b4908006800 0000000000000000
0x00002b490719db18:   00002b490719db30 00002b490719db70
0x00002b490719db28:   00002b49068bb90d 00002b4908006800
0x00002b490719db38:   00002b4908005680 00002b4908006f00
0x00002b490719db48:   00002b4908006f10 00002b49080072e8
0x00002b490719db58:   00002b49080056b0 00002b490719de50
0x00002b490719db68:   00002b490719ddaf 00002b490719dd90
0x00002b490719db78:   00002b4906c022c2 0000000000000000
0x00002b490719db88:   000000363fe092d6 0000000000000000
0x00002b490719db98:   00002b490719dc60 0000000000000000
0x00002b490719dba8:   00002b490719dc40 00002b490719dd00
0x00002b490719dbb8:   00000000018ff450 00000000a8428197
0x00002b490719dbc8:   000000363fe09c22 0000000000000000
0x00002b490719dbd8:   0000000002a10a06 0000000000000017
0x00002b490719dbe8:   0000003640602964 0000000000000000
0x00002b490719dbf8:   00002b490719ddc0 0000003640603c48
0x00002b490719dc08:   0000003640609600 0000000000000000
0x00002b490719dc18:   0000000000000000 0000000000000000
0x00002b490719dc28:   0000000000000000 0000000000000000
0x00002b490719dc38:   0000000000000000 00002b49061bfa38
0x00002b490719dc48:   0000000000000000 00002b49063e61c8
0x00002b490719dc58:   00002b49061cf9c0 0000003640010100
0x00002b490719dc68:   0000000000000000 0000003640e01050
0x00002b490719dc78:   0000000500000000 00000001000003bd
0x00002b490719dc88:   00002b49080008c0 0000000000000000 

Instructions: (pc=0x00002b490660e140)
0x00002b490660e120:   4c 89 f7 48 8b 1c 24 4c 8b 64 24 08 4c 8b 6c 24
0x00002b490660e130:   10 4c 8b 74 24 18 c9 e9 64 0a 3e 00 0f 1f 40 00
0x00002b490660e140:   55 48 8d 05 a8 50 9f 00 48 89 e5 4c 89 65 f0 48
0x00002b490660e150:   89 5d e8 49 89 fc 4c 89 6d f8 48 81 ec e0 00 00 

Stack: [0x00002b490709e000,0x00002b490719f000],  sp=0x00002b490719da98,  free space=1022k
Native frames: (J=compiled Java code, j=interpreted, Vv=VM code, C=native code)
V  [libjvm.so+0x226140]  arrayKlassKlass::oop_oop_iterate(oopDesc*, OopClosure*)+0x90
V  [libjvm.so+0x831f84]  universe2_init()+0x24
V  [libjvm.so+0x4d390d]  init_globals()+0xbd
V  [libjvm.so+0x81a2c2]  Threads::create_vm(JavaVMInitArgs*, bool*)+0x1e2
V  [libjvm.so+0x525544]  JNI_CreateJavaVM+0x74
C  [libjli.so+0x31b7]  JavaMain+0x97


---------------  P R O C E S S  ---------------

Java Threads: ( => current thread )

Other Threads:

=>0x00002b4908006800 (exited) JavaThread "Unknown thread" [_thread_in_vm, id=8464, stack(0x00002b490709e000,0x00002b490719f000)]

VM state:not at safepoint (not fully initialized)

VM Mutex/Monitor currently owned by a thread:  ([mutex/lock_event])
[0x00002b4908004ca0] Compile_lock - owner thread: 0x00002b4908006800

Dynamic libraries:
00400000-00401000 r-xp 00000000 4f9:2c566 144115242333492477             /mnt/lustre/tools/java/jdk1.7.0_02/bin/java
00600000-00601000 rw-p 00000000 4f9:2c566 144115242333492477             /mnt/lustre/tools/java/jdk1.7.0_02/bin/java
018fe000-0191f000 rw-p 00000000 00:00 0                                  [heap]
508c00000-50a0c0000 rw-p 00000000 00:00 0 
50a0c0000-50de00000 rw-p 00000000 00:00 0 
50de00000-52d4c0000 rw-p 00000000 00:00 0 
52d4c0000-704a00000 rw-p 00000000 00:00 0 
704a00000-714550000 rw-p 00000000 00:00 0 
714550000-800000000 rw-p 00000000 00:00 0 
363fe00000-363fe20000 r-xp 00000000 fd:03 11534363                       /lib64/ld-2.12.so
364001f000-3640020000 r--p 0001f000 fd:03 11534363                       /lib64/ld-2.12.so
3640020000-3640021000 rw-p 00020000 fd:03 11534363                       /lib64/ld-2.12.so
3640021000-3640022000 rw-p 00000000 00:00 0 
3640200000-3640283000 r-xp 00000000 fd:03 11534717                       /lib64/libm-2.12.so
3640283000-3640482000 ---p 00083000 fd:03 11534717                       /lib64/libm-2.12.so
3640482000-3640483000 r--p 00082000 fd:03 11534717                       /lib64/libm-2.12.so
3640483000-3640484000 rw-p 00083000 fd:03 11534717                       /lib64/libm-2.12.so
3640600000-364078a000 r-xp 00000000 fd:03 11534409                       /lib64/libc-2.12.so
364078a000-364098a000 ---p 0018a000 fd:03 11534409                       /lib64/libc-2.12.so
364098a000-364098e000 r--p 0018a000 fd:03 11534409                       /lib64/libc-2.12.so
364098e000-364098f000 rw-p 0018e000 fd:03 11534409                       /lib64/libc-2.12.so
364098f000-3640994000 rw-p 00000000 00:00 0 
3640a00000-3640a02000 r-xp 00000000 fd:03 11534570                       /lib64/libdl-2.12.so
3640a02000-3640c02000 ---p 00002000 fd:03 11534570                       /lib64/libdl-2.12.so
3640c02000-3640c03000 r--p 00002000 fd:03 11534570                       /lib64/libdl-2.12.so
3640c03000-3640c04000 rw-p 00003000 fd:03 11534570                       /lib64/libdl-2.12.so
3640e00000-3640e17000 r-xp 00000000 fd:03 11534473                       /lib64/libpthread-2.12.so
3640e17000-3641017000 ---p 00017000 fd:03 11534473                       /lib64/libpthread-2.12.so
3641017000-3641018000 r--p 00017000 fd:03 11534473                       /lib64/libpthread-2.12.so
3641018000-3641019000 rw-p 00018000 fd:03 11534473                       /lib64/libpthread-2.12.so
3641019000-364101d000 rw-p 00000000 00:00 0 
3641600000-3641607000 r-xp 00000000 fd:03 11534675                       /lib64/librt-2.12.so
3641607000-3641806000 ---p 00007000 fd:03 11534675                       /lib64/librt-2.12.so
3641806000-3641807000 r--p 00006000 fd:03 11534675                       /lib64/librt-2.12.so
3641807000-3641808000 rw-p 00007000 fd:03 11534675                       /lib64/librt-2.12.so
2b49061bf000-2b49061c0000 rw-p 00000000 00:00 0 
2b49061cf000-2b49061d0000 rw-p 00000000 00:00 0 
2b49061d0000-2b49061e6000 r-xp 00000000 4f9:2c566 144115242333492657     /mnt/lustre/tools/java/jdk1.7.0_02/jre/lib/amd64/jli/libjli.so
2b49061e6000-2b49063e5000 ---p 00016000 4f9:2c566 144115242333492657     /mnt/lustre/tools/java/jdk1.7.0_02/jre/lib/amd64/jli/libjli.so
2b49063e5000-2b49063e6000 rw-p 00015000 4f9:2c566 144115242333492657     /mnt/lustre/tools/java/jdk1.7.0_02/jre/lib/amd64/jli/libjli.so
2b49063e6000-2b49063e8000 rw-p 00000000 00:00 0 
2b49063e8000-2b4906dc8000 r-xp 00000000 4f9:2c566 144115242333492660     /mnt/lustre/tools/java/jdk1.7.0_02/jre/lib/amd64/server/libjvm.so
2b4906dc8000-2b4906fc8000 ---p 009e0000 4f9:2c566 144115242333492660     /mnt/lustre/tools/java/jdk1.7.0_02/jre/lib/amd64/server/libjvm.so
2b4906fc8000-2b4907065000 rw-p 009e0000 4f9:2c566 144115242333492660     /mnt/lustre/tools/java/jdk1.7.0_02/jre/lib/amd64/server/libjvm.so
2b4907065000-2b490709e000 rw-p 00000000 00:00 0 
2b490709e000-2b49070a1000 ---p 00000000 00:00 0 
2b49070a1000-2b490719f000 rw-p 00000000 00:00 0 
2b490719f000-2b49071ae000 r-xp 00000000 4f9:2c566 144115242333492654     /mnt/lustre/tools/java/jdk1.7.0_02/jre/lib/amd64/libverify.so
2b49071ae000-2b49073ad000 ---p 0000f000 4f9:2c566 144115242333492654     /mnt/lustre/tools/java/jdk1.7.0_02/jre/lib/amd64/libverify.so
2b49073ad000-2b49073af000 rw-p 0000e000 4f9:2c566 144115242333492654     /mnt/lustre/tools/java/jdk1.7.0_02/jre/lib/amd64/libverify.so
2b49073af000-2b49073d8000 r-xp 00000000 4f9:2c566 144115242333492630     /mnt/lustre/tools/java/jdk1.7.0_02/jre/lib/amd64/libjava.so
2b49073d8000-2b49075d8000 ---p 00029000 4f9:2c566 144115242333492630     /mnt/lustre/tools/java/jdk1.7.0_02/jre/lib/amd64/libjava.so
2b49075d8000-2b49075da000 rw-p 00029000 4f9:2c566 144115242333492630     /mnt/lustre/tools/java/jdk1.7.0_02/jre/lib/amd64/libjava.so
2b49075da000-2b49075db000 r--p 00000000 00:00 0 
2b49075db000-2b49075dc000 rw-p 00000000 00:00 0 
2b49075dc000-2b49075e4000 rw-s 00000000 fd:03 7866514                    /tmp/hsperfdata_nenarokova/8463
2b49075eb000-2b49075f7000 r-xp 00000000 fd:03 11534376                   /lib64/libnss_files-2.12.so
2b49075f7000-2b49077f7000 ---p 0000c000 fd:03 11534376                   /lib64/libnss_files-2.12.so
2b49077f7000-2b49077f8000 r--p 0000c000 fd:03 11534376                   /lib64/libnss_files-2.12.so
2b49077f8000-2b49077f9000 rw-p 0000d000 fd:03 11534376                   /lib64/libnss_files-2.12.so
2b49077f9000-2b4907813000 r-xp 00000000 4f9:2c566 144115242333492655     /mnt/lustre/tools/java/jdk1.7.0_02/jre/lib/amd64/libzip.so
2b4907813000-2b4907a13000 ---p 0001a000 4f9:2c566 144115242333492655     /mnt/lustre/tools/java/jdk1.7.0_02/jre/lib/amd64/libzip.so
2b4907a13000-2b4907a14000 rw-p 0001a000 4f9:2c566 144115242333492655     /mnt/lustre/tools/java/jdk1.7.0_02/jre/lib/amd64/libzip.so
2b4908000000-2b490806e000 rw-p 00000000 00:00 0 
2b490806e000-2b490c000000 ---p 00000000 00:00 0 
2b490c000000-2b490c270000 rwxp 00000000 00:00 0 
2b490c270000-2b490f000000 rw-p 00000000 00:00 0 
2b490f000000-2b490f00a000 rw-p 00000000 00:00 0 
2b490f00a000-2b490f0c0000 rw-p 00000000 00:00 0 
2b490f0c0000-2b490f0cb000 rw-p 00000000 00:00 0 
2b490f0cb000-2b490f0e9000 rw-p 00000000 00:00 0 
2b490f0e9000-2b490f1e5000 rw-p 00000000 00:00 0 
2b490f1e5000-2b491009f000 rw-p 00000000 00:00 0 
2b491009f000-2b491011d000 rw-p 00000000 00:00 0 
2b491011d000-2b491087a000 rw-p 00000000 00:00 0 
2b491087a000-2b4910977000 rw-p 00000000 00:00 0 
2b4910977000-2b4911831000 rw-p 00000000 00:00 0 
2b4911831000-2b491183c000 rw-p 00000000 00:00 0 
2b491183c000-2b491185a000 rw-p 00000000 00:00 0 
2b491185a000-2b491185b000 ---p 00000000 00:00 0 
2b491185b000-2b491195b000 rw-p 00000000 00:00 0 
2b491195b000-2b491195c000 ---p 00000000 00:00 0 
2b491195c000-2b4911a5c000 rw-p 00000000 00:00 0 
2b4911a5c000-2b4911a5d000 ---p 00000000 00:00 0 
2b4911a5d000-2b4911b5d000 rw-p 00000000 00:00 0 
2b4911b5d000-2b4911b5e000 ---p 00000000 00:00 0 
2b4911b5e000-2b4911c5e000 rw-p 00000000 00:00 0 
2b4911c5e000-2b4911c5f000 ---p 00000000 00:00 0 
2b4911c5f000-2b4911d5f000 rw-p 00000000 00:00 0 
2b4911d5f000-2b4911d60000 ---p 00000000 00:00 0 
2b4911d60000-2b4911e60000 rw-p 00000000 00:00 0 
2b4911e60000-2b4911e61000 ---p 00000000 00:00 0 
2b4911e61000-2b4911f61000 rw-p 00000000 00:00 0 
2b4911f61000-2b4911f62000 ---p 00000000 00:00 0 
2b4911f62000-2b4912062000 rw-p 00000000 00:00 0 
2b4912062000-2b4912063000 ---p 00000000 00:00 0 
2b4912063000-2b4912163000 rw-p 00000000 00:00 0 
2b4912163000-2b4912164000 ---p 00000000 00:00 0 
2b4912164000-2b4912264000 rw-p 00000000 00:00 0 
2b4912264000-2b4912265000 ---p 00000000 00:00 0 
2b4912265000-2b4912365000 rw-p 00000000 00:00 0 
2b4912365000-2b4912366000 ---p 00000000 00:00 0 
2b4912366000-2b4912466000 rw-p 00000000 00:00 0 
2b4912466000-2b4912467000 ---p 00000000 00:00 0 
2b4912467000-2b4912567000 rw-p 00000000 00:00 0 
2b4912567000-2b4912568000 ---p 00000000 00:00 0 
2b4912568000-2b4912668000 rw-p 00000000 00:00 0 
2b4912668000-2b4912669000 ---p 00000000 00:00 0 
2b4912669000-2b4912769000 rw-p 00000000 00:00 0 
2b4912769000-2b491276a000 ---p 00000000 00:00 0 
2b491276a000-2b491286a000 rw-p 00000000 00:00 0 
2b491286a000-2b491286b000 ---p 00000000 00:00 0 
2b491286b000-2b491296b000 rw-p 00000000 00:00 0 
2b491296b000-2b491296c000 ---p 00000000 00:00 0 
2b491296c000-2b4912a6c000 rw-p 00000000 00:00 0 
2b4914000000-2b4914021000 rw-p 00000000 00:00 0 
2b4914021000-2b4918000000 ---p 00000000 00:00 0 
2b491c000000-2b491c021000 rw-p 00000000 00:00 0 
2b491c021000-2b4920000000 ---p 00000000 00:00 0 
2b4924000000-2b4924021000 rw-p 00000000 00:00 0 
2b4924021000-2b4928000000 ---p 00000000 00:00 0 
2b492c000000-2b492c021000 rw-p 00000000 00:00 0 
2b492c021000-2b4930000000 ---p 00000000 00:00 0 
2b4934000000-2b4934021000 rw-p 00000000 00:00 0 
2b4934021000-2b4938000000 ---p 00000000 00:00 0 
2b493c000000-2b493c021000 rw-p 00000000 00:00 0 
2b493c021000-2b4940000000 ---p 00000000 00:00 0 
2b4944000000-2b4944021000 rw-p 00000000 00:00 0 
2b4944021000-2b4948000000 ---p 00000000 00:00 0 
2b494c000000-2b494c021000 rw-p 00000000 00:00 0 
2b494c021000-2b4950000000 ---p 00000000 00:00 0 
2b4954000000-2b4954021000 rw-p 00000000 00:00 0 
2b4954021000-2b4958000000 ---p 00000000 00:00 0 
2b495c000000-2b495c021000 rw-p 00000000 00:00 0 
2b495c021000-2b4960000000 ---p 00000000 00:00 0 
2b4964000000-2b4964021000 rw-p 00000000 00:00 0 
2b4964021000-2b4968000000 ---p 00000000 00:00 0 
2b496c000000-2b496c021000 rw-p 00000000 00:00 0 
2b496c021000-2b4970000000 ---p 00000000 00:00 0 
2b4974000000-2b4974021000 rw-p 00000000 00:00 0 
2b4974021000-2b4978000000 ---p 00000000 00:00 0 
2b497c000000-2b497c021000 rw-p 00000000 00:00 0 
2b497c021000-2b4980000000 ---p 00000000 00:00 0 
2b4984000000-2b4984021000 rw-p 00000000 00:00 0 
2b4984021000-2b4988000000 ---p 00000000 00:00 0 
2b498c000000-2b498c021000 rw-p 00000000 00:00 0 
2b498c021000-2b4990000000 ---p 00000000 00:00 0 
2b4994000000-2b4994021000 rw-p 00000000 00:00 0 
2b4994021000-2b4998000000 ---p 00000000 00:00 0 
2b499c000000-2b499c021000 rw-p 00000000 00:00 0 
2b499c021000-2b49a0000000 ---p 00000000 00:00 0 
7fff25a9f000-7fff25ab4000 rw-p 00000000 00:00 0                          [stack]
7fff25b8d000-7fff25b8e000 r-xp 00000000 00:00 0                          [vdso]
ffffffffff600000-ffffffffff601000 r-xp 00000000 00:00 0                  [vsyscall]

VM Arguments:
java_command: /home/nenarokova/Trimmomatic-0.33/trimmomatic-0.33.jar PE -phred33 -threads 24 -trimlog /home/nenarokova/wheat/R1/sum_fastq1/A9_1/trim_out/trimlog /home/nenarokova/wheat/R1/sum_fastq1/A9_1.fastq /home/nenarokova/wheat/R1/sum_fastq1/B3_2.fastq /home/nenarokova/wheat/R1/sum_fastq1/A9_1/trim_out/paired_out_fw.fastq /home/nenarokova/wheat/R1/sum_fastq1/A9_1/trim_out/unpaired_out_fw.fastq /home/nenarokova/wheat/R1/sum_fastq1/A9_1/trim_out/paired_out_rv.fastq /home/nenarokova/wheat/R1/sum_fastq1/A9_1/trim_out/unpaired_out_rv.fastq ILLUMINACLIP:/home/nenarokova/Trimmomatic-0.33/adapters/adapters.fa:2:30:10 LEADING:3 TRAILING:3 SLIDINGWINDOW:4:30 MINLEN:30
Launcher Type: SUN_STANDARD

Environment Variables:
JAVA_HOME=/home/tools/java/jdk1.7.0_02
CLASSPATH=/home/tools/java/jdk1.7.0_02/lib:.:
PATH=/usr/lib64/qt-3.3/bin:/home/tools/OMA.0.99/OMA/bin:/home/tools/LocARNA/bin:/home/tools/ViennaRNA/bin:/home/tools/polyphen-2.2.2/bin:/home/tools/amos/bin:/home/tools/cuda-6.0/bin:/home/tools/MUMmer3.23:/home/tools/velvet:/home/tools/ncbi-blast-2.2.25+/bin:/home/tools/bowtie-0.12.7:/home/tools/bwa-0.6.1:/home/tools/samtools-0.1.18/bin:.:/home/tools/java/jdk1.7.0_02/bin:/home/tools/bin:/bin:/usr/bin:/usr/local/sbin:/usr/sbin:/sbin:/home/nenarokova/bin
LD_LIBRARY_PATH=:/home/tools/cuda-6.0/lib64:/home/tools/cuda-6.0/lib:/home/tools/ViennaRNA/lib:/home/tools/ViennaRNA/lib64:/home/tools/LocARNA/lib
SHELL=/bin/bash

Signal Handlers:
SIGSEGV: [libjvm.so+0x856f20], sa_mask[0]=0x7ffbfeff, sa_flags=0x10000004
SIGBUS: [libjvm.so+0x856f20], sa_mask[0]=0x7ffbfeff, sa_flags=0x10000004
SIGFPE: [libjvm.so+0x6fd190], sa_mask[0]=0x7ffbfeff, sa_flags=0x10000004
SIGPIPE: [libjvm.so+0x6fd190], sa_mask[0]=0x7ffbfeff, sa_flags=0x10000004
SIGXFSZ: [libjvm.so+0x6fd190], sa_mask[0]=0x7ffbfeff, sa_flags=0x10000004
SIGILL: [libjvm.so+0x6fd190], sa_mask[0]=0x7ffbfeff, sa_flags=0x10000004
SIGUSR1: SIG_DFL, sa_mask[0]=0x00000000, sa_flags=0x00000000
SIGUSR2: [libjvm.so+0x6fcb00], sa_mask[0]=0x00000000, sa_flags=0x10000004
SIGHUP: SIG_DFL, sa_mask[0]=0x00000000, sa_flags=0x00000000
SIGINT: SIG_DFL, sa_mask[0]=0x00000000, sa_flags=0x00000000
SIGTERM: SIG_DFL, sa_mask[0]=0x00000000, sa_flags=0x00000000
SIGQUIT: SIG_DFL, sa_mask[0]=0x00000000, sa_flags=0x00000000


---------------  S Y S T E M  ---------------

OS:Scientific Linux release 6.6 (Carbon)

uname:Linux 2.6.32-358.18.1.el6.x86_64 #1 SMP Tue Aug 27 14:23:09 CDT 2013 x86_64
libc:glibc 2.12 NPTL 2.12 
rlimit: STACK infinity, CORE 0k, NPROC 385894, NOFILE 32768, AS infinity
load average:78.43 98.10 63.61

/proc/meminfo:
MemTotal:       49416672 kB
MemFree:          205284 kB
Buffers:             692 kB
Cached:           861224 kB
SwapCached:            0 kB
Active:         47292104 kB
Inactive:         835884 kB
Active(anon):   47269988 kB
Inactive(anon):      368 kB
Active(file):      22116 kB
Inactive(file):   835516 kB
Unevictable:       10308 kB
Mlocked:           10308 kB
SwapTotal:             0 kB
SwapFree:              0 kB
Dirty:             21008 kB
Writeback:             0 kB
AnonPages:      47281724 kB
Mapped:             7856 kB
Shmem:               228 kB
Slab:             325636 kB
SReclaimable:      17440 kB
SUnreclaim:       308196 kB
KernelStack:       16560 kB
PageTables:       110656 kB
NFS_Unstable:          0 kB
Bounce:                0 kB
WritebackTmp:          0 kB
CommitLimit:    24708336 kB
Committed_AS:   74685108 kB
VmallocTotal:   34359738367 kB
VmallocUsed:      648604 kB
VmallocChunk:   34333127628 kB
HardwareCorrupted:     0 kB
AnonHugePages:  27248640 kB
HugePages_Total:       0
HugePages_Free:        0
HugePages_Rsvd:        0
HugePages_Surp:        0
Hugepagesize:       2048 kB
DirectMap4k:        5632 kB
DirectMap2M:     2082816 kB
DirectMap1G:    48234496 kB


CPU:total 24 (6 cores per cpu, 2 threads per core) family 6 model 44 stepping 2, cmov, cx8, fxsr, mmx, sse, sse2, sse3, ssse3, sse4.1, sse4.2, popcnt, ht

/proc/cpuinfo:
processor	: 0
vendor_id	: GenuineIntel
cpu family	: 6
model		: 44
model name	: Intel(R) Xeon(R) CPU           X5670  @ 2.93GHz
stepping	: 2
cpu MHz		: 2934.000
cache size	: 12288 KB
physical id	: 0
siblings	: 12
core id		: 0
cpu cores	: 6
apicid		: 0
initial apicid	: 0
fpu		: yes
fpu_exception	: yes
cpuid level	: 11
wp		: yes
flags		: fpu vme de pse tsc msr pae mce cx8 apic sep mtrr pge mca cmov pat pse36 clflush dts acpi mmx fxsr sse sse2 ss ht tm pbe syscall nx pdpe1gb rdtscp lm constant_tsc arch_perfmon pebs bts rep_good xtopology nonstop_tsc aperfmperf pni pclmulqdq dtes64 monitor ds_cpl vmx smx est tm2 ssse3 cx16 xtpr pdcm pcid dca sse4_1 sse4_2 popcnt aes lahf_lm ida arat epb dts tpr_shadow vnmi flexpriority ept vpid
bogomips	: 5866.89
clflush size	: 64
cache_alignment	: 64
address sizes	: 40 bits physical, 48 bits virtual
power management:

processor	: 1
vendor_id	: GenuineIntel
cpu family	: 6
model		: 44
model name	: Intel(R) Xeon(R) CPU           X5670  @ 2.93GHz
stepping	: 2
cpu MHz		: 2934.000
cache size	: 12288 KB
physical id	: 0
siblings	: 12
core id		: 1
cpu cores	: 6
apicid		: 2
initial apicid	: 2
fpu		: yes
fpu_exception	: yes
cpuid level	: 11
wp		: yes
flags		: fpu vme de pse tsc msr pae mce cx8 apic sep mtrr pge mca cmov pat pse36 clflush dts acpi mmx fxsr sse sse2 ss ht tm pbe syscall nx pdpe1gb rdtscp lm constant_tsc arch_perfmon pebs bts rep_good xtopology nonstop_tsc aperfmperf pni pclmulqdq dtes64 monitor ds_cpl vmx smx est tm2 ssse3 cx16 xtpr pdcm pcid dca sse4_1 sse4_2 popcnt aes lahf_lm ida arat epb dts tpr_shadow vnmi flexpriority ept vpid
bogomips	: 5866.89
clflush size	: 64
cache_alignment	: 64
address sizes	: 40 bits physical, 48 bits virtual
power management:

processor	: 2
vendor_id	: GenuineIntel
cpu family	: 6
model		: 44
model name	: Intel(R) Xeon(R) CPU           X5670  @ 2.93GHz
stepping	: 2
cpu MHz		: 2934.000
cache size	: 12288 KB
physical id	: 0
siblings	: 12
core id		: 2
cpu cores	: 6
apicid		: 4
initial apicid	: 4
fpu		: yes
fpu_exception	: yes
cpuid level	: 11
wp		: yes
flags		: fpu vme de pse tsc msr pae mce cx8 apic sep mtrr pge mca cmov pat pse36 clflush dts acpi mmx fxsr sse sse2 ss ht tm pbe syscall nx pdpe1gb rdtscp lm constant_tsc arch_perfmon pebs bts rep_good xtopology nonstop_tsc aperfmperf pni pclmulqdq dtes64 monitor ds_cpl vmx smx est tm2 ssse3 cx16 xtpr pdcm pcid dca sse4_1 sse4_2 popcnt aes lahf_lm ida arat epb dts tpr_shadow vnmi flexpriority ept vpid
bogomips	: 5866.89
clflush size	: 64
cache_alignment	: 64
address sizes	: 40 bits physical, 48 bits virtual
power management:

processor	: 3
vendor_id	: GenuineIntel
cpu family	: 6
model		: 44
model name	: Intel(R) Xeon(R) CPU           X5670  @ 2.93GHz
stepping	: 2
cpu MHz		: 2934.000
cache size	: 12288 KB
physical id	: 0
siblings	: 12
core id		: 8
cpu cores	: 6
apicid		: 16
initial apicid	: 16
fpu		: yes
fpu_exception	: yes
cpuid level	: 11
wp		: yes
flags		: fpu vme de pse tsc msr pae mce cx8 apic sep mtrr pge mca cmov pat pse36 clflush dts acpi mmx fxsr sse sse2 ss ht tm pbe syscall nx pdpe1gb rdtscp lm constant_tsc arch_perfmon pebs bts rep_good xtopology nonstop_tsc aperfmperf pni pclmulqdq dtes64 monitor ds_cpl vmx smx est tm2 ssse3 cx16 xtpr pdcm pcid dca sse4_1 sse4_2 popcnt aes lahf_lm ida arat epb dts tpr_shadow vnmi flexpriority ept vpid
bogomips	: 5866.89
clflush size	: 64
cache_alignment	: 64
address sizes	: 40 bits physical, 48 bits virtual
power management:

processor	: 4
vendor_id	: GenuineIntel
cpu family	: 6
model		: 44
model name	: Intel(R) Xeon(R) CPU           X5670  @ 2.93GHz
stepping	: 2
cpu MHz		: 2934.000
cache size	: 12288 KB
physical id	: 0
siblings	: 12
core id		: 9
cpu cores	: 6
apicid		: 18
initial apicid	: 18
fpu		: yes
fpu_exception	: yes
cpuid level	: 11
wp		: yes
flags		: fpu vme de pse tsc msr pae mce cx8 apic sep mtrr pge mca cmov pat pse36 clflush dts acpi mmx fxsr sse sse2 ss ht tm pbe syscall nx pdpe1gb rdtscp lm constant_tsc arch_perfmon pebs bts rep_good xtopology nonstop_tsc aperfmperf pni pclmulqdq dtes64 monitor ds_cpl vmx smx est tm2 ssse3 cx16 xtpr pdcm pcid dca sse4_1 sse4_2 popcnt aes lahf_lm ida arat epb dts tpr_shadow vnmi flexpriority ept vpid
bogomips	: 5866.89
clflush size	: 64
cache_alignment	: 64
address sizes	: 40 bits physical, 48 bits virtual
power management:

processor	: 5
vendor_id	: GenuineIntel
cpu family	: 6
model		: 44
model name	: Intel(R) Xeon(R) CPU           X5670  @ 2.93GHz
stepping	: 2
cpu MHz		: 2934.000
cache size	: 12288 KB
physical id	: 0
siblings	: 12
core id		: 10
cpu cores	: 6
apicid		: 20
initial apicid	: 20
fpu		: yes
fpu_exception	: yes
cpuid level	: 11
wp		: yes
flags		: fpu vme de pse tsc msr pae mce cx8 apic sep mtrr pge mca cmov pat pse36 clflush dts acpi mmx fxsr sse sse2 ss ht tm pbe syscall nx pdpe1gb rdtscp lm constant_tsc arch_perfmon pebs bts rep_good xtopology nonstop_tsc aperfmperf pni pclmulqdq dtes64 monitor ds_cpl vmx smx est tm2 ssse3 cx16 xtpr pdcm pcid dca sse4_1 sse4_2 popcnt aes lahf_lm ida arat epb dts tpr_shadow vnmi flexpriority ept vpid
bogomips	: 5866.89
clflush size	: 64
cache_alignment	: 64
address sizes	: 40 bits physical, 48 bits virtual
power management:

processor	: 6
vendor_id	: GenuineIntel
cpu family	: 6
model		: 44
model name	: Intel(R) Xeon(R) CPU           X5670  @ 2.93GHz
stepping	: 2
cpu MHz		: 2934.000
cache size	: 12288 KB
physical id	: 1
siblings	: 12
core id		: 0
cpu cores	: 6
apicid		: 32
initial apicid	: 32
fpu		: yes
fpu_exception	: yes
cpuid level	: 11
wp		: yes
flags		: fpu vme de pse tsc msr pae mce cx8 apic sep mtrr pge mca cmov pat pse36 clflush dts acpi mmx fxsr sse sse2 ss ht tm pbe syscall nx pdpe1gb rdtscp lm constant_tsc arch_perfmon pebs bts rep_good xtopology nonstop_tsc aperfmperf pni pclmulqdq dtes64 monitor ds_cpl vmx smx est tm2 ssse3 cx16 xtpr pdcm pcid dca sse4_1 sse4_2 popcnt aes lahf_lm ida arat epb dts tpr_shadow vnmi flexpriority ept vpid
bogomips	: 5866.53
clflush size	: 64
cache_alignment	: 64
address sizes	: 40 bits physical, 48 bits virtual
power management:

processor	: 7
vendor_id	: GenuineIntel
cpu family	: 6
model		: 44
model name	: Intel(R) Xeon(R) CPU           X5670  @ 2.93GHz
stepping	: 2
cpu MHz		: 2934.000
cache size	: 12288 KB
physical id	: 1
siblings	: 12
core id		: 1
cpu cores	: 6
apicid		: 34
initial apicid	: 34
fpu		: yes
fpu_exception	: yes
cpuid level	: 11
wp		: yes
flags		: fpu vme de pse tsc msr pae mce cx8 apic sep mtrr pge mca cmov pat pse36 clflush dts acpi mmx fxsr sse sse2 ss ht tm pbe syscall nx pdpe1gb rdtscp lm constant_tsc arch_perfmon pebs bts rep_good xtopology nonstop_tsc aperfmperf pni pclmulqdq dtes64 monitor ds_cpl vmx smx est tm2 ssse3 cx16 xtpr pdcm pcid dca sse4_1 sse4_2 popcnt aes lahf_lm ida arat epb dts tpr_shadow vnmi flexpriority ept vpid
bogomips	: 5866.53
clflush size	: 64
cache_alignment	: 64
address sizes	: 40 bits physical, 48 bits virtual
power management:

processor	: 8
vendor_id	: GenuineIntel
cpu family	: 6
model		: 44
model name	: Intel(R) Xeon(R) CPU           X5670  @ 2.93GHz
stepping	: 2
cpu MHz		: 2934.000
cache size	: 12288 KB
physical id	: 1
siblings	: 12
core id		: 2
cpu cores	: 6
apicid		: 36
initial apicid	: 36
fpu		: yes
fpu_exception	: yes
cpuid level	: 11
wp		: yes
flags		: fpu vme de pse tsc msr pae mce cx8 apic sep mtrr pge mca cmov pat pse36 clflush dts acpi mmx fxsr sse sse2 ss ht tm pbe syscall nx pdpe1gb rdtscp lm constant_tsc arch_perfmon pebs bts rep_good xtopology nonstop_tsc aperfmperf pni pclmulqdq dtes64 monitor ds_cpl vmx smx est tm2 ssse3 cx16 xtpr pdcm pcid dca sse4_1 sse4_2 popcnt aes lahf_lm ida arat epb dts tpr_shadow vnmi flexpriority ept vpid
bogomips	: 5866.53
clflush size	: 64
cache_alignment	: 64
address sizes	: 40 bits physical, 48 bits virtual
power management:

processor	: 9
vendor_id	: GenuineIntel
cpu family	: 6
model		: 44
model name	: Intel(R) Xeon(R) CPU           X5670  @ 2.93GHz
stepping	: 2
cpu MHz		: 2934.000
cache size	: 12288 KB
physical id	: 1
siblings	: 12
core id		: 8
cpu cores	: 6
apicid		: 48
initial apicid	: 48
fpu		: yes
fpu_exception	: yes
cpuid level	: 11
wp		: yes
flags		: fpu vme de pse tsc msr pae mce cx8 apic sep mtrr pge mca cmov pat pse36 clflush dts acpi mmx fxsr sse sse2 ss ht tm pbe syscall nx pdpe1gb rdtscp lm constant_tsc arch_perfmon pebs bts rep_good xtopology nonstop_tsc aperfmperf pni pclmulqdq dtes64 monitor ds_cpl vmx smx est tm2 ssse3 cx16 xtpr pdcm pcid dca sse4_1 sse4_2 popcnt aes lahf_lm ida arat epb dts tpr_shadow vnmi flexpriority ept vpid
bogomips	: 5866.53
clflush size	: 64
cache_alignment	: 64
address sizes	: 40 bits physical, 48 bits virtual
power management:

processor	: 10
vendor_id	: GenuineIntel
cpu family	: 6
model		: 44
model name	: Intel(R) Xeon(R) CPU           X5670  @ 2.93GHz
stepping	: 2
cpu MHz		: 2934.000
cache size	: 12288 KB
physical id	: 1
siblings	: 12
core id		: 9
cpu cores	: 6
apicid		: 50
initial apicid	: 50
fpu		: yes
fpu_exception	: yes
cpuid level	: 11
wp		: yes
flags		: fpu vme de pse tsc msr pae mce cx8 apic sep mtrr pge mca cmov pat pse36 clflush dts acpi mmx fxsr sse sse2 ss ht tm pbe syscall nx pdpe1gb rdtscp lm constant_tsc arch_perfmon pebs bts rep_good xtopology nonstop_tsc aperfmperf pni pclmulqdq dtes64 monitor ds_cpl vmx smx est tm2 ssse3 cx16 xtpr pdcm pcid dca sse4_1 sse4_2 popcnt aes lahf_lm ida arat epb dts tpr_shadow vnmi flexpriority ept vpid
bogomips	: 5866.53
clflush size	: 64
cache_alignment	: 64
address sizes	: 40 bits physical, 48 bits virtual
power management:

processor	: 11
vendor_id	: GenuineIntel
cpu family	: 6
model		: 44
model name	: Intel(R) Xeon(R) CPU           X5670  @ 2.93GHz
stepping	: 2
cpu MHz		: 2934.000
cache size	: 12288 KB
physical id	: 1
siblings	: 12
core id		: 10
cpu cores	: 6
apicid		: 52
initial apicid	: 52
fpu		: yes
fpu_exception	: yes
cpuid level	: 11
wp		: yes
flags		: fpu vme de pse tsc msr pae mce cx8 apic sep mtrr pge mca cmov pat pse36 clflush dts acpi mmx fxsr sse sse2 ss ht tm pbe syscall nx pdpe1gb rdtscp lm constant_tsc arch_perfmon pebs bts rep_good xtopology nonstop_tsc aperfmperf pni pclmulqdq dtes64 monitor ds_cpl vmx smx est tm2 ssse3 cx16 xtpr pdcm pcid dca sse4_1 sse4_2 popcnt aes lahf_lm ida arat epb dts tpr_shadow vnmi flexpriority ept vpid
bogomips	: 5866.53
clflush size	: 64
cache_alignment	: 64
address sizes	: 40 bits physical, 48 bits virtual
power management:

processor	: 12
vendor_id	: GenuineIntel
cpu family	: 6
model		: 44
model name	: Intel(R) Xeon(R) CPU           X5670  @ 2.93GHz
stepping	: 2
cpu MHz		: 2934.000
cache size	: 12288 KB
physical id	: 0
siblings	: 12
core id		: 0
cpu cores	: 6
apicid		: 1
initial apicid	: 1
fpu		: yes
fpu_exception	: yes
cpuid level	: 11
wp		: yes
flags		: fpu vme de pse tsc msr pae mce cx8 apic sep mtrr pge mca cmov pat pse36 clflush dts acpi mmx fxsr sse sse2 ss ht tm pbe syscall nx pdpe1gb rdtscp lm constant_tsc arch_perfmon pebs bts rep_good xtopology nonstop_tsc aperfmperf pni pclmulqdq dtes64 monitor ds_cpl vmx smx est tm2 ssse3 cx16 xtpr pdcm pcid dca sse4_1 sse4_2 popcnt aes lahf_lm ida arat epb dts tpr_shadow vnmi flexpriority ept vpid
bogomips	: 5866.89
clflush size	: 64
cache_alignment	: 64
address sizes	: 40 bits physical, 48 bits virtual
power management:

processor	: 13
vendor_id	: GenuineIntel
cpu family	: 6
model		: 44
model name	: Intel(R) Xeon(R) CPU           X5670  @ 2.93GHz
stepping	: 2
cpu MHz		: 2934.000
cache size	: 12288 KB
physical id	: 0
siblings	: 12
core id		: 1
cpu cores	: 6
apicid		: 3
initial apicid	: 3
fpu		: yes
fpu_exception	: yes
cpuid level	: 11
wp		: yes
flags		: fpu vme de pse tsc msr pae mce cx8 apic sep mtrr pge mca cmov pat pse36 clflush dts acpi mmx fxsr sse sse2 ss ht tm pbe syscall nx pdpe1gb rdtscp lm constant_tsc arch_perfmon pebs bts rep_good xtopology nonstop_tsc aperfmperf pni pclmulqdq dtes64 monitor ds_cpl vmx smx est tm2 ssse3 cx16 xtpr pdcm pcid dca sse4_1 sse4_2 popcnt aes lahf_lm ida arat epb dts tpr_shadow vnmi flexpriority ept vpid
bogomips	: 5866.89
clflush size	: 64
cache_alignment	: 64
address sizes	: 40 bits physical, 48 bits virtual
power management:

processor	: 14
vendor_id	: GenuineIntel
cpu family	: 6
model		: 44
model name	: Intel(R) Xeon(R) CPU           X5670  @ 2.93GHz
stepping	: 2
cpu MHz		: 2934.000
cache size	: 12288 KB
physical id	: 0
siblings	: 12
core id		: 2
cpu cores	: 6
apicid		: 5
initial apicid	: 5
fpu		: yes
fpu_exception	: yes
cpuid level	: 11
wp		: yes
flags		: fpu vme de pse tsc msr pae mce cx8 apic sep mtrr pge mca cmov pat pse36 clflush dts acpi mmx fxsr sse sse2 ss ht tm pbe syscall nx pdpe1gb rdtscp lm constant_tsc arch_perfmon pebs bts rep_good xtopology nonstop_tsc aperfmperf pni pclmulqdq dtes64 monitor ds_cpl vmx smx est tm2 ssse3 cx16 xtpr pdcm pcid dca sse4_1 sse4_2 popcnt aes lahf_lm ida arat epb dts tpr_shadow vnmi flexpriority ept vpid
bogomips	: 5866.89
clflush size	: 64
cache_alignment	: 64
address sizes	: 40 bits physical, 48 bits virtual
power management:

processor	: 15
vendor_id	: GenuineIntel
cpu family	: 6
model		: 44
model name	: Intel(R) Xeon(R) CPU           X5670  @ 2.93GHz
stepping	: 2
cpu MHz		: 2934.000
cache size	: 12288 KB
physical id	: 0
siblings	: 12
core id		: 8
cpu cores	: 6
apicid		: 17
initial apicid	: 17
fpu		: yes
fpu_exception	: yes
cpuid level	: 11
wp		: yes
flags		: fpu vme de pse tsc msr pae mce cx8 apic sep mtrr pge mca cmov pat pse36 clflush dts acpi mmx fxsr sse sse2 ss ht tm pbe syscall nx pdpe1gb rdtscp lm constant_tsc arch_perfmon pebs bts rep_good xtopology nonstop_tsc aperfmperf pni pclmulqdq dtes64 monitor ds_cpl vmx smx est tm2 ssse3 cx16 xtpr pdcm pcid dca sse4_1 sse4_2 popcnt aes lahf_lm ida arat epb dts tpr_shadow vnmi flexpriority ept vpid
bogomips	: 5866.89
clflush size	: 64
cache_alignment	: 64
address sizes	: 40 bits physical, 48 bits virtual
power management:

processor	: 16
vendor_id	: GenuineIntel
cpu family	: 6
model		: 44
model name	: Intel(R) Xeon(R) CPU           X5670  @ 2.93GHz
stepping	: 2
cpu MHz		: 2934.000
cache size	: 12288 KB
physical id	: 0
siblings	: 12
core id		: 9
cpu cores	: 6
apicid		: 19
initial apicid	: 19
fpu		: yes
fpu_exception	: yes
cpuid level	: 11
wp		: yes
flags		: fpu vme de pse tsc msr pae mce cx8 apic sep mtrr pge mca cmov pat pse36 clflush dts acpi mmx fxsr sse sse2 ss ht tm pbe syscall nx pdpe1gb rdtscp lm constant_tsc arch_perfmon pebs bts rep_good xtopology nonstop_tsc aperfmperf pni pclmulqdq dtes64 monitor ds_cpl vmx smx est tm2 ssse3 cx16 xtpr pdcm pcid dca sse4_1 sse4_2 popcnt aes lahf_lm ida arat epb dts tpr_shadow vnmi flexpriority ept vpid
bogomips	: 5866.89
clflush size	: 64
cache_alignment	: 64
address sizes	: 40 bits physical, 48 bits virtual
power management:

processor	: 17
vendor_id	: GenuineIntel
cpu family	: 6
model		: 44
model name	: Intel(R) Xeon(R) CPU           X5670  @ 2.93GHz
stepping	: 2
cpu MHz		: 2934.000
cache size	: 12288 KB
physical id	: 0
siblings	: 12
core id		: 10
cpu cores	: 6
apicid		: 21
initial apicid	: 21
fpu		: yes
fpu_exception	: yes
cpuid level	: 11
wp		: yes
flags		: fpu vme de pse tsc msr pae mce cx8 apic sep mtrr pge mca cmov pat pse36 clflush dts acpi mmx fxsr sse sse2 ss ht tm pbe syscall nx pdpe1gb rdtscp lm constant_tsc arch_perfmon pebs bts rep_good xtopology nonstop_tsc aperfmperf pni pclmulqdq dtes64 monitor ds_cpl vmx smx est tm2 ssse3 cx16 xtpr pdcm pcid dca sse4_1 sse4_2 popcnt aes lahf_lm ida arat epb dts tpr_shadow vnmi flexpriority ept vpid
bogomips	: 5866.89
clflush size	: 64
cache_alignment	: 64
address sizes	: 40 bits physical, 48 bits virtual
power management:

processor	: 18
vendor_id	: GenuineIntel
cpu family	: 6
model		: 44
model name	: Intel(R) Xeon(R) CPU           X5670  @ 2.93GHz
stepping	: 2
cpu MHz		: 2934.000
cache size	: 12288 KB
physical id	: 1
siblings	: 12
core id		: 0
cpu cores	: 6
apicid		: 33
initial apicid	: 33
fpu		: yes
fpu_exception	: yes
cpuid level	: 11
wp		: yes
flags		: fpu vme de pse tsc msr pae mce cx8 apic sep mtrr pge mca cmov pat pse36 clflush dts acpi mmx fxsr sse sse2 ss ht tm pbe syscall nx pdpe1gb rdtscp lm constant_tsc arch_perfmon pebs bts rep_good xtopology nonstop_tsc aperfmperf pni pclmulqdq dtes64 monitor ds_cpl vmx smx est tm2 ssse3 cx16 xtpr pdcm pcid dca sse4_1 sse4_2 popcnt aes lahf_lm ida arat epb dts tpr_shadow vnmi flexpriority ept vpid
bogomips	: 5866.53
clflush size	: 64
cache_alignment	: 64
address sizes	: 40 bits physical, 48 bits virtual
power management:

processor	: 19
vendor_id	: GenuineIntel
cpu family	: 6
model		: 44
model name	: Intel(R) Xeon(R) CPU           X5670  @ 2.93GHz
stepping	: 2
cpu MHz		: 2934.000
cache size	: 12288 KB
physical id	: 1
siblings	: 12
core id		: 1
cpu cores	: 6
apicid		: 35
initial apicid	: 35
fpu		: yes
fpu_exception	: yes
cpuid level	: 11
wp		: yes
flags		: fpu vme de pse tsc msr pae mce cx8 apic sep mtrr pge mca cmov pat pse36 clflush dts acpi mmx fxsr sse sse2 ss ht tm pbe syscall nx pdpe1gb rdtscp lm constant_tsc arch_perfmon pebs bts rep_good xtopology nonstop_tsc aperfmperf pni pclmulqdq dtes64 monitor ds_cpl vmx smx est tm2 ssse3 cx16 xtpr pdcm pcid dca sse4_1 sse4_2 popcnt aes lahf_lm ida arat epb dts tpr_shadow vnmi flexpriority ept vpid
bogomips	: 5866.53
clflush size	: 64
cache_alignment	: 64
address sizes	: 40 bits physical, 48 bits virtual
power management:

processor	: 20
vendor_id	: GenuineIntel
cpu family	: 6
model		: 44
model name	: Intel(R) Xeon(R) CPU           X5670  @ 2.93GHz
stepping	: 2
cpu MHz		: 2934.000
cache size	: 12288 KB
physical id	: 1
siblings	: 12
core id		: 2
cpu cores	: 6
apicid		: 37
initial apicid	: 37
fpu		: yes
fpu_exception	: yes
cpuid level	: 11
wp		: yes
flags		: fpu vme de pse tsc msr pae mce cx8 apic sep mtrr pge mca cmov pat pse36 clflush dts acpi mmx fxsr sse sse2 ss ht tm pbe syscall nx pdpe1gb rdtscp lm constant_tsc arch_perfmon pebs bts rep_good xtopology nonstop_tsc aperfmperf pni pclmulqdq dtes64 monitor ds_cpl vmx smx est tm2 ssse3 cx16 xtpr pdcm pcid dca sse4_1 sse4_2 popcnt aes lahf_lm ida arat epb dts tpr_shadow vnmi flexpriority ept vpid
bogomips	: 5866.53
clflush size	: 64
cache_alignment	: 64
address sizes	: 40 bits physical, 48 bits virtual
power management:

processor	: 21
vendor_id	: GenuineIntel
cpu family	: 6
model		: 44
model name	: Intel(R) Xeon(R) CPU           X5670  @ 2.93GHz
stepping	: 2
cpu MHz		: 2934.000
cache size	: 12288 KB
physical id	: 1
siblings	: 12
core id		: 8
cpu cores	: 6
apicid		: 49
initial apicid	: 49
fpu		: yes
fpu_exception	: yes
cpuid level	: 11
wp		: yes
flags		: fpu vme de pse tsc msr pae mce cx8 apic sep mtrr pge mca cmov pat pse36 clflush dts acpi mmx fxsr sse sse2 ss ht tm pbe syscall nx pdpe1gb rdtscp lm constant_tsc arch_perfmon pebs bts rep_good xtopology nonstop_tsc aperfmperf pni pclmulqdq dtes64 monitor ds_cpl vmx smx est tm2 ssse3 cx16 xtpr pdcm pcid dca sse4_1 sse4_2 popcnt aes lahf_lm ida arat epb dts tpr_shadow vnmi flexpriority ept vpid
bogomips	: 5866.53
clflush size	: 64
cache_alignment	: 64
address sizes	: 40 bits physical, 48 bits virtual
power management:

processor	: 22
vendor_id	: GenuineIntel
cpu family	: 6
model		: 44
model name	: Intel(R) Xeon(R) CPU           X5670  @ 2.93GHz
stepping	: 2
cpu MHz		: 2934.000
cache size	: 12288 KB
physical id	: 1
siblings	: 12
core id		: 9
cpu cores	: 6
apicid		: 51
initial apicid	: 51
fpu		: yes
fpu_exception	: yes
cpuid level	: 11
wp		: yes
flags		: fpu vme de pse tsc msr pae mce cx8 apic sep mtrr pge mca cmov pat pse36 clflush dts acpi mmx fxsr sse sse2 ss ht tm pbe syscall nx pdpe1gb rdtscp lm constant_tsc arch_perfmon pebs bts rep_good xtopology nonstop_tsc aperfmperf pni pclmulqdq dtes64 monitor ds_cpl vmx smx est tm2 ssse3 cx16 xtpr pdcm pcid dca sse4_1 sse4_2 popcnt aes lahf_lm ida arat epb dts tpr_shadow vnmi flexpriority ept vpid
bogomips	: 5866.53
clflush size	: 64
cache_alignment	: 64
address sizes	: 40 bits physical, 48 bits virtual
power management:

processor	: 23
vendor_id	: GenuineIntel
cpu family	: 6
model		: 44
model name	: Intel(R) Xeon(R) CPU           X5670  @ 2.93GHz
stepping	: 2
cpu MHz		: 2934.000
cache size	: 12288 KB
physical id	: 1
siblings	: 12
core id		: 10
cpu cores	: 6
apicid		: 53
initial apicid	: 53
fpu		: yes
fpu_exception	: yes
cpuid level	: 11
wp		: yes
flags		: fpu vme de pse tsc msr pae mce cx8 apic sep mtrr pge mca cmov pat pse36 clflush dts acpi mmx fxsr sse sse2 ss ht tm pbe syscall nx pdpe1gb rdtscp lm constant_tsc arch_perfmon pebs bts rep_good xtopology nonstop_tsc aperfmperf pni pclmulqdq dtes64 monitor ds_cpl vmx smx est tm2 ssse3 cx16 xtpr pdcm pcid dca sse4_1 sse4_2 popcnt aes lahf_lm ida arat epb dts tpr_shadow vnmi flexpriority ept vpid
bogomips	: 5866.53
clflush size	: 64
cache_alignment	: 64
address sizes	: 40 bits physical, 48 bits virtual
power management:



Memory: 4k page, physical 49416672k(222552k free), swap 0k(0k free)

vm_info: Java HotSpot(TM) 64-Bit Server VM (22.0-b10) for linux-amd64 JRE (1.7.0_02-b13), built on Nov 17 2011 13:19:26 by "java_re" with gcc 4.3.0 20080428 (Red Hat 4.3.0-8)

time: Mon Mar 16 13:18:18 2015
elapsed time: 4 seconds

