#
# A fatal error has been detected by the Java Runtime Environment:
#
#  SIGBUS (0x7) at pc=0x00002b70ece0d390, pid=6651, tid=47766692747008
#
# JRE version: 7.0_02-b13
# Java VM: Java HotSpot(TM) 64-Bit Server VM (22.0-b10 mixed mode linux-amd64 compressed oops)
# Problematic frame:
# V  [libjvm.so+0x3a7390]  compiledICHolderKlass::create_klass(Thread*)+0x100
#
# Failed to write core dump. Core dumps have been disabled. To enable core dumping, try "ulimit -c unlimited" before starting Java again
#
# If you would like to submit a bug report, please visit:
#   http://bugreport.sun.com/bugreport/crash.jsp
#

---------------  T H R E A D  ---------------

Current thread (0x00002b70f0193000):  JavaThread "Thread-3" [_thread_in_vm, id=6770, stack(0x00002b718cb0d000,0x00002b718cc0e000)]

siginfo:si_signo=SIGBUS: si_errno=0, si_code=2 (BUS_ADRERR), si_addr=0x00002b70ece0d390

Registers:
RAX=0x00002b70ed706730, RBX=0x00002b70f0193000, RCX=0x0000000000000000, RDX=0x00002b70f0193000
RSP=0x00002b718cc0b998, RBP=0x00002b718cc0b9d0, RSI=0x00002b70f0193000, RDI=0x0000000508c019d0
R8 =0x00002b718cc0c130, R9 =0x00002b70f0193000, R10=0x0000000000000001, R11=0x0000000508d45b84
R12=0x00002b70f0193d90, R13=0x00002b70f0193d90, R14=0x00002b70f0193d98, R15=0x00002b718cc0bad8
RIP=0x00002b70ece0d390, EFLAGS=0x0000000000010202, CSGSFS=0x0000000000000033, ERR=0x0000000000000014
  TRAPNO=0x000000000000000e

Top of Stack: (sp=0x00002b718cc0b998)
0x00002b718cc0b998:   00002b70ed15a04b 0000000000000000
0x00002b718cc0b9a8:   00002b718cc0c130 00002b70f0193d90
0x00002b718cc0b9b8:   00002b70f0193000 0000000000000000
0x00002b718cc0b9c8:   00002b718cc0bad8 00002b718cc0ba00
0x00002b718cc0b9d8:   00002b70ece0bd83 00002b70f0193000
0x00002b718cc0b9e8:   00002b70f0193d90 00002b70f0193d50
0x00002b718cc0b9f8:   0000000008d46100 00002b718cc0c1a0
0x00002b718cc0ba08:   00002b70ed1f39e1 00002b718cc0ba70
0x00002b718cc0ba18:   00002b70f0193000 0100312034333938
0x00002b718cc0ba28:   00002b70f40c2610 00002b70f01938c0
0x00002b718cc0ba38:   00002b70f01938d0 00002b70f0193ca8
0x00002b718cc0ba48:   00002b70f0193890 00002b70f40c29a8
0x00002b718cc0ba58:   00002b70f01938c0 00002b70f01938d0
0x00002b718cc0ba68:   00002b70f0193ca8 00002b718cc0c490
0x00002b718cc0ba78:   00002b70f40c29a8 00002b70f40c2610
0x00002b718cc0ba88:   4442444400000000 0000000510de3010
0x00002b718cc0ba98:   00002b718cc0c490 00002b718cc0c490
0x00002b718cc0baa8:   00002b70f40c29a8 00002b70f40c2610
0x00002b718cc0bab8:   4442444400000000 0000000510de3010
0x00002b718cc0bac8:   00002b718cc0c490 00002b70f0193000
0x00002b718cc0bad8:   00002b718cc0be70 00002b718cc0bb20
0x00002b718cc0bae8:   00002b70ecebe25a 00002b70f4006646
0x00002b718cc0baf8:   00002b718cc0bbc0 00002b718cc0be70
0x00002b718cc0bb08:   00002b71a0118748 00002b718cc0bb60
0x00002b718cc0bb18:   00002b70ed6f2b90 00002b718cc0bb50
0x00002b718cc0bb28:   00002b70ecebe794 3032313a32393954
0x00002b718cc0bb38:   00002b718cc0be70 00002b71a0118748
0x00002b718cc0bb48:   00002b718cc0bbc0 00002b718cc0bbb0
0x00002b718cc0bb58:   00002b70ecebb376 00002b718cc0bb80
0x00002b718cc0bb68:   00002b70ed135ee9 00002b70f4000310
0x00002b718cc0bb78:   00002b718cc0bed0 00002b718cc0bbb0
0x00002b718cc0bb88:   00002b70ecebe84d 00002b71a0118748 

Instructions: (pc=0x00002b70ece0d390)
0x00002b70ece0d370:   e8 2b c5 17 00 49 83 7c 24 08 00 75 98 31 c0 48
0x00002b70ece0d380:   85 db 74 93 48 8b 03 90 eb 8d 66 0f 1f 44 00 00
0x00002b70ece0d390:   55 48 89 e5 4c 89 65 e8 49 89 fc 48 89 5d e0 4c
0x00002b70ece0d3a0:   89 6d f0 4c 89 75 f8 31 db 48 83 ec 20 49 83 ec 

Register to memory mapping:

RAX=0x00002b70ed706730: <offset 0xca0730> in /mnt/lustre/tools/java/jdk1.7.0_02/jre/lib/amd64/server/libjvm.so at 0x00002b70eca66000
RBX=0x00002b70f0193000 is a thread
RCX=0x0000000000000000 is an unknown value
RDX=0x00002b70f0193000 is a thread
RSP=0x00002b718cc0b998 is pointing into the stack for thread: 0x00002b70f0193000
RBP=0x00002b718cc0b9d0 is pointing into the stack for thread: 0x00002b70f0193000
RSI=0x00002b70f0193000 is a thread
RDI=0x0000000508c019d0 is an oop
{other class} 
 - klass: {other class}
R8 =0x00002b718cc0c130 is pointing into the stack for thread: 0x00002b70f0193000
R9 =0x00002b70f0193000 is a thread
R10=0x0000000000000001 is an unknown value
R11=0x0000000508d45b84 is an oop
[[I 
 - klass: 'java/lang/Object'[]
 - length: 6
R12=0x00002b70f0193d90 is an unknown value
R13=0x00002b70f0193d90 is an unknown value
R14=0x00002b70f0193d98 is an unknown value
R15=0x00002b718cc0bad8 is pointing into the stack for thread: 0x00002b70f0193000


Stack: [0x00002b718cb0d000,0x00002b718cc0e000],  sp=0x00002b718cc0b998,  free space=1018k
Native frames: (J=compiled Java code, j=interpreted, Vv=VM code, C=native code)
V  [libjvm.so+0x3a7390]  compiledICHolderKlass::create_klass(Thread*)+0x100
V  [libjvm.so+0x3a5d83]  CompiledIC::compute_monomorphic_entry(methodHandle, KlassHandle, bool, bool, CompiledICInfo&, Thread*)+0xc3
V  [libjvm.so+0x78d9e1]  SharedRuntime::resolve_sub_helper(JavaThread*, bool, bool, Thread*)+0x921
V  [libjvm.so+0x78db5f]  SharedRuntime::resolve_virtual_call_C(JavaThread*)+0x2f
v  ~RuntimeStub::resolve_virtual_call

Java frames: (J=compiled Java code, j=interpreted, Vv=VM code)
v  ~RuntimeStub::resolve_virtual_call
J  sun.nio.cs.StreamEncoder.writeBytes()V
J  java.io.PrintStream.print(Ljava/lang/String;)V
j  java.io.PrintStream.println(Ljava/lang/Object;)V+11
j  java.lang.Throwable$WrappedPrintStream.println(Ljava/lang/Object;)V+5
j  java.lang.Throwable.printStackTrace(Ljava/lang/Throwable$PrintStreamOrWriter;)V+28
j  java.lang.Throwable.printStackTrace(Ljava/io/PrintStream;)V+9
j  java.lang.Throwable.printStackTrace()V+4
J  org.usadellab.trimmomatic.threading.SerializerWorker.run()V
j  java.lang.Thread.run()V+11
v  ~StubRoutines::call_stub

---------------  P R O C E S S  ---------------

Java Threads: ( => current thread )
  0x00002b70f01c1800 JavaThread "pool-1-thread-24" [_thread_blocked, id=6875, stack(0x00002b70faf71000,0x00002b70fb072000)]
  0x00002b70f01c0000 JavaThread "pool-1-thread-23" [_thread_blocked, id=6874, stack(0x00002b70fae70000,0x00002b70faf71000)]
  0x00002b70f01be800 JavaThread "pool-1-thread-22" [_thread_blocked, id=6873, stack(0x00002b70fad6f000,0x00002b70fae70000)]
  0x00002b70f01bd000 JavaThread "pool-1-thread-21" [_thread_blocked, id=6872, stack(0x00002b70fac6e000,0x00002b70fad6f000)]
  0x00002b70f01bb800 JavaThread "pool-1-thread-20" [_thread_blocked, id=6871, stack(0x00002b70fab6d000,0x00002b70fac6e000)]
  0x00002b70f01b9800 JavaThread "pool-1-thread-19" [_thread_blocked, id=6869, stack(0x00002b70faa6c000,0x00002b70fab6d000)]
  0x00002b70f01b8000 JavaThread "pool-1-thread-18" [_thread_blocked, id=6867, stack(0x00002b718df21000,0x00002b718e022000)]
  0x00002b70f01b6800 JavaThread "pool-1-thread-17" [_thread_blocked, id=6863, stack(0x00002b718de20000,0x00002b718df21000)]
  0x00002b70f01b5000 JavaThread "pool-1-thread-16" [_thread_blocked, id=6862, stack(0x00002b720c000000,0x00002b720c101000)]
  0x00002b70f01b3000 JavaThread "pool-1-thread-15" [_thread_blocked, id=6861, stack(0x00002b718dd1f000,0x00002b718de20000)]
  0x00002b70f01b1000 JavaThread "pool-1-thread-14" [_thread_blocked, id=6851, stack(0x00002b718dc1e000,0x00002b718dd1f000)]
  0x00002b70f01af000 JavaThread "pool-1-thread-13" [_thread_blocked, id=6850, stack(0x00002b718db1d000,0x00002b718dc1e000)]
  0x00002b70f01ad000 JavaThread "pool-1-thread-12" [_thread_blocked, id=6812, stack(0x00002b718da1c000,0x00002b718db1d000)]
  0x00002b70f01ab000 JavaThread "pool-1-thread-11" [_thread_blocked, id=6807, stack(0x00002b718d91b000,0x00002b718da1c000)]
  0x00002b70f01a9800 JavaThread "pool-1-thread-10" [_thread_blocked, id=6805, stack(0x00002b718d81a000,0x00002b718d91b000)]
  0x00002b70f01a8000 JavaThread "pool-1-thread-9" [_thread_blocked, id=6804, stack(0x00002b718d719000,0x00002b718d81a000)]
  0x00002b70f01a6800 JavaThread "pool-1-thread-8" [_thread_blocked, id=6799, stack(0x00002b718d618000,0x00002b718d719000)]
  0x00002b70f01a5000 JavaThread "pool-1-thread-7" [_thread_blocked, id=6798, stack(0x00002b718d517000,0x00002b718d618000)]
  0x00002b70f01a3000 JavaThread "pool-1-thread-6" [_thread_blocked, id=6793, stack(0x00002b718d416000,0x00002b718d517000)]
  0x00002b70f01a1800 JavaThread "pool-1-thread-5" [_thread_blocked, id=6790, stack(0x00002b718d315000,0x00002b718d416000)]
  0x00002b70f01a0000 JavaThread "pool-1-thread-4" [_thread_blocked, id=6789, stack(0x00002b718d214000,0x00002b718d315000)]
  0x00002b70f019e800 JavaThread "pool-1-thread-3" [_thread_blocked, id=6788, stack(0x00002b718d113000,0x00002b718d214000)]
  0x00002b70f019b000 JavaThread "pool-1-thread-2" [_thread_blocked, id=6785, stack(0x00002b718d012000,0x00002b718d113000)]
  0x00002b70f019c800 JavaThread "pool-1-thread-1" [_thread_blocked, id=6783, stack(0x00002b718cf11000,0x00002b718d012000)]
  0x00002b70f0198800 JavaThread "Thread-6" [_thread_blocked, id=6781, stack(0x00002b718ce10000,0x00002b718cf11000)]
  0x00002b70f0197000 JavaThread "Thread-5" [_thread_blocked, id=6780, stack(0x00002b718cd0f000,0x00002b718ce10000)]
  0x00002b70f0195000 JavaThread "Thread-4" [_thread_blocked, id=6779, stack(0x00002b718cc0e000,0x00002b718cd0f000)]
=>0x00002b70f0193000 JavaThread "Thread-3" [_thread_in_vm, id=6770, stack(0x00002b718cb0d000,0x00002b718cc0e000)]
  0x00002b70f018f800 JavaThread "Thread-1" [_thread_blocked, id=6763, stack(0x00002b718c90b000,0x00002b718ca0c000)]
  0x00002b70f018d800 JavaThread "Thread-0" [_thread_blocked, id=6760, stack(0x00002b718c80a000,0x00002b718c90b000)]
  0x00002b70f018c000 JavaThread "Thread-7" [_thread_in_native, id=6759, stack(0x00002b718c709000,0x00002b718c80a000)]
  0x00002b70f0126800 JavaThread "Service Thread" daemon [_thread_blocked, id=6725, stack(0x00002b718c505000,0x00002b718c606000)]
  0x00002b70f0124800 JavaThread "C2 CompilerThread1" daemon [_thread_blocked, id=6723, stack(0x00002b718c404000,0x00002b718c505000)]
  0x00002b70f0121800 JavaThread "C2 CompilerThread0" daemon [_thread_blocked, id=6722, stack(0x00002b718c303000,0x00002b718c404000)]
  0x00002b70f011f000 JavaThread "Signal Dispatcher" daemon [_thread_blocked, id=6719, stack(0x00002b718c202000,0x00002b718c303000)]
  0x00002b70f00d7000 JavaThread "Finalizer" daemon [_thread_blocked, id=6698, stack(0x00002b718c101000,0x00002b718c202000)]
  0x00002b70f00d4800 JavaThread "Reference Handler" daemon [_thread_blocked, id=6696, stack(0x00002b718c000000,0x00002b718c101000)]
  0x00002b70f0006800 JavaThread "main" [_thread_blocked, id=6653, stack(0x00002b70ed71c000,0x00002b70ed81d000)]

Other Threads:
  0x00002b70f00cd000 VMThread [stack: 0x00002b7139542000,0x00002b7139643000] [id=6694]
  0x00002b70f0131000 WatcherThread [stack: 0x00002b718c606000,0x00002b718c707000] [id=6728]

VM state:not at safepoint (normal execution)

VM Mutex/Monitor currently owned by a thread: None

Heap
 PSYoungGen      total 2558720K, used 2071721K [0x0000000704a00000, 0x00000007a7980000, 0x0000000800000000)
  eden space 2447360K, 81% used [0x0000000704a00000,0x000000077ef927b0,0x000000079a000000)
  from space 111360K, 60% used [0x000000079a000000,0x000000079e198000,0x00000007a0cc0000)
  to   space 110912K, 0% used [0x00000007a0d30000,0x00000007a0d30000,0x00000007a7980000)
 PSOldGen        total 514816K, used 295368K [0x000000050de00000, 0x000000052d4c0000, 0x0000000704a00000)
  object space 514816K, 57% used [0x000000050de00000,0x000000051fe72358,0x000000052d4c0000)
 PSPermGen       total 21248K, used 3838K [0x0000000508c00000, 0x000000050a0c0000, 0x000000050de00000)
  object space 21248K, 18% used [0x0000000508c00000,0x0000000508fbf888,0x000000050a0c0000)

Code Cache  [0x00002b70f4000000, 0x00002b70f4270000, 0x00002b70f7000000)
 total_blobs=442 nmethods=235 adapters=160 free_code_cache=48295Kb largest_free_block=49421312

Dynamic libraries:
00400000-00401000 r-xp 00000000 4f9:2c566 144115242333492477             /mnt/lustre/tools/java/jdk1.7.0_02/bin/java
00600000-00601000 rw-p 00000000 4f9:2c566 144115242333492477             /mnt/lustre/tools/java/jdk1.7.0_02/bin/java
011a2000-011c3000 rw-p 00000000 00:00 0                                  [heap]
508c00000-50a0c0000 rw-p 00000000 00:00 0 
50a0c0000-50de00000 rw-p 00000000 00:00 0 
50de00000-52d4c0000 rw-p 00000000 00:00 0 
52d4c0000-704a00000 rw-p 00000000 00:00 0 
704a00000-7a7980000 rw-p 00000000 00:00 0 
7ff930000-800000000 rw-p 00000000 00:00 0 
363fe00000-363fe20000 r-xp 00000000 fd:03 11534363                       /lib64/ld-2.12.so
364001f000-3640020000 r--p 0001f000 fd:03 11534363                       /lib64/ld-2.12.so
3640020000-3640021000 rw-p 00020000 fd:03 11534363                       /lib64/ld-2.12.so
3640021000-3640022000 rw-p 00000000 00:00 0 
3640200000-3640283000 r-xp 00000000 fd:03 11534717                       /lib64/libm-2.12.so
3640283000-3640482000 ---p 00083000 fd:03 11534717                       /lib64/libm-2.12.so
3640482000-3640483000 r--p 00082000 fd:03 11534717                       /lib64/libm-2.12.so
3640483000-3640484000 rw-p 00083000 fd:03 11534717                       /lib64/libm-2.12.so
3640600000-364078a000 r-xp 00000000 fd:03 11534409                       /lib64/libc-2.12.so
364078a000-364098a000 ---p 0018a000 fd:03 11534409                       /lib64/libc-2.12.so
364098a000-364098e000 r--p 0018a000 fd:03 11534409                       /lib64/libc-2.12.so
364098e000-364098f000 rw-p 0018e000 fd:03 11534409                       /lib64/libc-2.12.so
364098f000-3640994000 rw-p 00000000 00:00 0 
3640a00000-3640a02000 r-xp 00000000 fd:03 11534570                       /lib64/libdl-2.12.so
3640a02000-3640c02000 ---p 00002000 fd:03 11534570                       /lib64/libdl-2.12.so
3640c02000-3640c03000 r--p 00002000 fd:03 11534570                       /lib64/libdl-2.12.so
3640c03000-3640c04000 rw-p 00003000 fd:03 11534570                       /lib64/libdl-2.12.so
3640e00000-3640e17000 r-xp 00000000 fd:03 11534473                       /lib64/libpthread-2.12.so
3640e17000-3641017000 ---p 00017000 fd:03 11534473                       /lib64/libpthread-2.12.so
3641017000-3641018000 r--p 00017000 fd:03 11534473                       /lib64/libpthread-2.12.so
3641018000-3641019000 rw-p 00018000 fd:03 11534473                       /lib64/libpthread-2.12.so
3641019000-364101d000 rw-p 00000000 00:00 0 
3641600000-3641607000 r-xp 00000000 fd:03 11534675                       /lib64/librt-2.12.so
3641607000-3641806000 ---p 00007000 fd:03 11534675                       /lib64/librt-2.12.so
3641806000-3641807000 r--p 00006000 fd:03 11534675                       /lib64/librt-2.12.so
3641807000-3641808000 rw-p 00007000 fd:03 11534675                       /lib64/librt-2.12.so
2b70ec83d000-2b70ec83e000 rw-p 00000000 00:00 0 
2b70ec84d000-2b70ec84e000 rw-p 00000000 00:00 0 
2b70ec84e000-2b70ec864000 r-xp 00000000 4f9:2c566 144115242333492657     /mnt/lustre/tools/java/jdk1.7.0_02/jre/lib/amd64/jli/libjli.so
2b70ec864000-2b70eca63000 ---p 00016000 4f9:2c566 144115242333492657     /mnt/lustre/tools/java/jdk1.7.0_02/jre/lib/amd64/jli/libjli.so
2b70eca63000-2b70eca64000 rw-p 00015000 4f9:2c566 144115242333492657     /mnt/lustre/tools/java/jdk1.7.0_02/jre/lib/amd64/jli/libjli.so
2b70eca64000-2b70eca66000 rw-p 00000000 00:00 0 
2b70eca66000-2b70ed446000 r-xp 00000000 4f9:2c566 144115242333492660     /mnt/lustre/tools/java/jdk1.7.0_02/jre/lib/amd64/server/libjvm.so
2b70ed446000-2b70ed646000 ---p 009e0000 4f9:2c566 144115242333492660     /mnt/lustre/tools/java/jdk1.7.0_02/jre/lib/amd64/server/libjvm.so
2b70ed646000-2b70ed6e3000 rw-p 009e0000 4f9:2c566 144115242333492660     /mnt/lustre/tools/java/jdk1.7.0_02/jre/lib/amd64/server/libjvm.so
2b70ed6e3000-2b70ed71c000 rw-p 00000000 00:00 0 
2b70ed71c000-2b70ed71f000 ---p 00000000 00:00 0 
2b70ed71f000-2b70ed81d000 rw-p 00000000 00:00 0 
2b70ed81d000-2b70ed82c000 r-xp 00000000 4f9:2c566 144115242333492654     /mnt/lustre/tools/java/jdk1.7.0_02/jre/lib/amd64/libverify.so
2b70ed82c000-2b70eda2b000 ---p 0000f000 4f9:2c566 144115242333492654     /mnt/lustre/tools/java/jdk1.7.0_02/jre/lib/amd64/libverify.so
2b70eda2b000-2b70eda2d000 rw-p 0000e000 4f9:2c566 144115242333492654     /mnt/lustre/tools/java/jdk1.7.0_02/jre/lib/amd64/libverify.so
2b70eda2d000-2b70eda56000 r-xp 00000000 4f9:2c566 144115242333492630     /mnt/lustre/tools/java/jdk1.7.0_02/jre/lib/amd64/libjava.so
2b70eda56000-2b70edc56000 ---p 00029000 4f9:2c566 144115242333492630     /mnt/lustre/tools/java/jdk1.7.0_02/jre/lib/amd64/libjava.so
2b70edc56000-2b70edc58000 rw-p 00029000 4f9:2c566 144115242333492630     /mnt/lustre/tools/java/jdk1.7.0_02/jre/lib/amd64/libjava.so
2b70edc58000-2b70edc59000 r--p 00000000 00:00 0 
2b70edc59000-2b70edc5a000 rw-p 00000000 00:00 0 
2b70edc5a000-2b70edc62000 rw-s 00000000 fd:03 7866499                    /tmp/hsperfdata_nenarokova/6651
2b70edc69000-2b70edc75000 r-xp 00000000 fd:03 11534376                   /lib64/libnss_files-2.12.so
2b70edc75000-2b70ede75000 ---p 0000c000 fd:03 11534376                   /lib64/libnss_files-2.12.so
2b70ede75000-2b70ede76000 r--p 0000c000 fd:03 11534376                   /lib64/libnss_files-2.12.so
2b70ede76000-2b70ede77000 rw-p 0000d000 fd:03 11534376                   /lib64/libnss_files-2.12.so
2b70ede77000-2b70ede91000 r-xp 00000000 4f9:2c566 144115242333492655     /mnt/lustre/tools/java/jdk1.7.0_02/jre/lib/amd64/libzip.so
2b70ede91000-2b70ee091000 ---p 0001a000 4f9:2c566 144115242333492655     /mnt/lustre/tools/java/jdk1.7.0_02/jre/lib/amd64/libzip.so
2b70ee091000-2b70ee092000 rw-p 0001a000 4f9:2c566 144115242333492655     /mnt/lustre/tools/java/jdk1.7.0_02/jre/lib/amd64/libzip.so
2b70f0000000-2b70f0282000 rw-p 00000000 00:00 0 
2b70f0282000-2b70f4000000 ---p 00000000 00:00 0 
2b70f4000000-2b70f4270000 rwxp 00000000 00:00 0 
2b70f4270000-2b70f7000000 rw-p 00000000 00:00 0 
2b70f7000000-2b70f700a000 rw-p 00000000 00:00 0 
2b70f700a000-2b70f70c0000 rw-p 00000000 00:00 0 
2b70f70c0000-2b70f70cb000 rw-p 00000000 00:00 0 
2b70f70cb000-2b70f70e9000 rw-p 00000000 00:00 0 
2b70f70e9000-2b70f71e5000 rw-p 00000000 00:00 0 
2b70f71e5000-2b70f809f000 rw-p 00000000 00:00 0 
2b70f809f000-2b70f85b7000 rw-p 00000000 00:00 0 
2b70f85b7000-2b70f85b8000 ---p 00000000 00:00 0 
2b70f85b8000-2b70f887a000 rw-p 00000000 00:00 0 
2b70f887a000-2b70f8977000 rw-p 00000000 00:00 0 
2b70f8977000-2b70f9831000 rw-p 00000000 00:00 0 
2b70f9831000-2b70f983c000 rw-p 00000000 00:00 0 
2b70f983c000-2b70f985a000 rw-p 00000000 00:00 0 
2b70f985a000-2b70f985b000 ---p 00000000 00:00 0 
2b70f985b000-2b70f995b000 rw-p 00000000 00:00 0 
2b70f995b000-2b70f995c000 ---p 00000000 00:00 0 
2b70f995c000-2b70f9a5c000 rw-p 00000000 00:00 0 
2b70f9a5c000-2b70f9a5d000 ---p 00000000 00:00 0 
2b70f9a5d000-2b70f9b5d000 rw-p 00000000 00:00 0 
2b70f9b5d000-2b70f9b5e000 ---p 00000000 00:00 0 
2b70f9b5e000-2b70f9c5e000 rw-p 00000000 00:00 0 
2b70f9c5e000-2b70f9c5f000 ---p 00000000 00:00 0 
2b70f9c5f000-2b70f9d5f000 rw-p 00000000 00:00 0 
2b70f9d5f000-2b70f9d60000 ---p 00000000 00:00 0 
2b70f9d60000-2b70f9e60000 rw-p 00000000 00:00 0 
2b70f9e60000-2b70f9e61000 ---p 00000000 00:00 0 
2b70f9e61000-2b70f9f61000 rw-p 00000000 00:00 0 
2b70f9f61000-2b70f9f62000 ---p 00000000 00:00 0 
2b70f9f62000-2b70fa062000 rw-p 00000000 00:00 0 
2b70fa062000-2b70fa063000 ---p 00000000 00:00 0 
2b70fa063000-2b70fa163000 rw-p 00000000 00:00 0 
2b70fa163000-2b70fa164000 ---p 00000000 00:00 0 
2b70fa164000-2b70fa264000 rw-p 00000000 00:00 0 
2b70fa264000-2b70fa265000 ---p 00000000 00:00 0 
2b70fa265000-2b70fa365000 rw-p 00000000 00:00 0 
2b70fa365000-2b70fa366000 ---p 00000000 00:00 0 
2b70fa366000-2b70fa466000 rw-p 00000000 00:00 0 
2b70fa466000-2b70fa467000 ---p 00000000 00:00 0 
2b70fa467000-2b70fa567000 rw-p 00000000 00:00 0 
2b70fa567000-2b70fa568000 ---p 00000000 00:00 0 
2b70fa568000-2b70fa668000 rw-p 00000000 00:00 0 
2b70fa668000-2b70fa669000 ---p 00000000 00:00 0 
2b70fa669000-2b70fa769000 rw-p 00000000 00:00 0 
2b70fa769000-2b70fa76a000 ---p 00000000 00:00 0 
2b70fa76a000-2b70fa86a000 rw-p 00000000 00:00 0 
2b70fa86a000-2b70fa86b000 ---p 00000000 00:00 0 
2b70fa86b000-2b70fa96b000 rw-p 00000000 00:00 0 
2b70fa96b000-2b70fa96c000 ---p 00000000 00:00 0 
2b70fa96c000-2b70faa6c000 rw-p 00000000 00:00 0 
2b70faa6c000-2b70faa6f000 ---p 00000000 00:00 0 
2b70faa6f000-2b70fab6d000 rw-p 00000000 00:00 0 
2b70fab6d000-2b70fab70000 ---p 00000000 00:00 0 
2b70fab70000-2b70fac6e000 rw-p 00000000 00:00 0 
2b70fac6e000-2b70fac71000 ---p 00000000 00:00 0 
2b70fac71000-2b70fad6f000 rw-p 00000000 00:00 0 
2b70fad6f000-2b70fad72000 ---p 00000000 00:00 0 
2b70fad72000-2b70fae70000 rw-p 00000000 00:00 0 
2b70fae70000-2b70fae73000 ---p 00000000 00:00 0 
2b70fae73000-2b70faf71000 rw-p 00000000 00:00 0 
2b70faf71000-2b70faf74000 ---p 00000000 00:00 0 
2b70faf74000-2b70fb072000 rw-p 00000000 00:00 0 
2b70fc000000-2b70fc021000 rw-p 00000000 00:00 0 
2b70fc021000-2b7100000000 ---p 00000000 00:00 0 
2b7104000000-2b7104021000 rw-p 00000000 00:00 0 
2b7104021000-2b7108000000 ---p 00000000 00:00 0 
2b710c000000-2b710c021000 rw-p 00000000 00:00 0 
2b710c021000-2b7110000000 ---p 00000000 00:00 0 
2b7114000000-2b7114021000 rw-p 00000000 00:00 0 
2b7114021000-2b7118000000 ---p 00000000 00:00 0 
2b711c000000-2b711c021000 rw-p 00000000 00:00 0 
2b711c021000-2b7120000000 ---p 00000000 00:00 0 
2b7124000000-2b7124021000 rw-p 00000000 00:00 0 
2b7124021000-2b7128000000 ---p 00000000 00:00 0 
2b712c000000-2b712c021000 rw-p 00000000 00:00 0 
2b712c021000-2b7130000000 ---p 00000000 00:00 0 
2b7134000000-2b7134021000 rw-p 00000000 00:00 0 
2b7134021000-2b7138000000 ---p 00000000 00:00 0 
2b7138000000-2b71381bf000 r--s 039ff000 4f9:2c566 144115242333492614     /mnt/lustre/tools/java/jdk1.7.0_02/jre/lib/rt.jar
2b71381bf000-2b7139542000 rw-p 00000000 00:00 0 
2b7139542000-2b7139543000 ---p 00000000 00:00 0 
2b7139543000-2b7139643000 rw-p 00000000 00:00 0 
2b713c000000-2b713c021000 rw-p 00000000 00:00 0 
2b713c021000-2b7140000000 ---p 00000000 00:00 0 
2b7144000000-2b7144021000 rw-p 00000000 00:00 0 
2b7144021000-2b7148000000 ---p 00000000 00:00 0 
2b714c000000-2b714c021000 rw-p 00000000 00:00 0 
2b714c021000-2b7150000000 ---p 00000000 00:00 0 
2b7154000000-2b7154021000 rw-p 00000000 00:00 0 
2b7154021000-2b7158000000 ---p 00000000 00:00 0 
2b715c000000-2b715c021000 rw-p 00000000 00:00 0 
2b715c021000-2b7160000000 ---p 00000000 00:00 0 
2b7164000000-2b7164021000 rw-p 00000000 00:00 0 
2b7164021000-2b7168000000 ---p 00000000 00:00 0 
2b716c000000-2b716c021000 rw-p 00000000 00:00 0 
2b716c021000-2b7170000000 ---p 00000000 00:00 0 
2b7174000000-2b7174021000 rw-p 00000000 00:00 0 
2b7174021000-2b7178000000 ---p 00000000 00:00 0 
2b717c000000-2b717c021000 rw-p 00000000 00:00 0 
2b717c021000-2b7180000000 ---p 00000000 00:00 0 
2b7184000000-2b7184021000 rw-p 00000000 00:00 0 
2b7184021000-2b7188000000 ---p 00000000 00:00 0 
2b7188000000-2b7188021000 rw-p 00000000 00:00 0 
2b7188021000-2b718c000000 ---p 00000000 00:00 0 
2b718c000000-2b718c003000 ---p 00000000 00:00 0 
2b718c003000-2b718c101000 rw-p 00000000 00:00 0 
2b718c101000-2b718c104000 ---p 00000000 00:00 0 
2b718c104000-2b718c202000 rw-p 00000000 00:00 0 
2b718c202000-2b718c205000 ---p 00000000 00:00 0 
2b718c205000-2b718c303000 rw-p 00000000 00:00 0 
2b718c303000-2b718c306000 ---p 00000000 00:00 0 
2b718c306000-2b718c404000 rw-p 00000000 00:00 0 
2b718c404000-2b718c407000 ---p 00000000 00:00 0 
2b718c407000-2b718c505000 rw-p 00000000 00:00 0 
2b718c505000-2b718c508000 ---p 00000000 00:00 0 
2b718c508000-2b718c606000 rw-p 00000000 00:00 0 
2b718c606000-2b718c607000 ---p 00000000 00:00 0 
2b718c607000-2b718c707000 rw-p 00000000 00:00 0 
2b718c707000-2b718c709000 r--s 0001b000 4f9:2c566 144116569780300921     /mnt/lustre/nenarokova/Trimmomatic-0.33/trimmomatic-0.33.jar
2b718c709000-2b718c70c000 ---p 00000000 00:00 0 
2b718c70c000-2b718c80a000 rw-p 00000000 00:00 0 
2b718c80a000-2b718c80d000 ---p 00000000 00:00 0 
2b718c80d000-2b718c90b000 rw-p 00000000 00:00 0 
2b718c90b000-2b718c90e000 ---p 00000000 00:00 0 
2b718c90e000-2b718ca0c000 rw-p 00000000 00:00 0 
2b718ca0c000-2b718ca0f000 ---p 00000000 00:00 0 
2b718ca0f000-2b718cb0d000 rw-p 00000000 00:00 0 
2b718cb0d000-2b718cb10000 ---p 00000000 00:00 0 
2b718cb10000-2b718cc0e000 rw-p 00000000 00:00 0 
2b718cc0e000-2b718cc11000 ---p 00000000 00:00 0 
2b718cc11000-2b718cd0f000 rw-p 00000000 00:00 0 
2b718cd0f000-2b718cd12000 ---p 00000000 00:00 0 
2b718cd12000-2b718ce10000 rw-p 00000000 00:00 0 
2b718ce10000-2b718ce13000 ---p 00000000 00:00 0 
2b718ce13000-2b718cf11000 rw-p 00000000 00:00 0 
2b718cf11000-2b718cf14000 ---p 00000000 00:00 0 
2b718cf14000-2b718d012000 rw-p 00000000 00:00 0 
2b718d012000-2b718d015000 ---p 00000000 00:00 0 
2b718d015000-2b718d113000 rw-p 00000000 00:00 0 
2b718d113000-2b718d116000 ---p 00000000 00:00 0 
2b718d116000-2b718d214000 rw-p 00000000 00:00 0 
2b718d214000-2b718d217000 ---p 00000000 00:00 0 
2b718d217000-2b718d315000 rw-p 00000000 00:00 0 
2b718d315000-2b718d318000 ---p 00000000 00:00 0 
2b718d318000-2b718d416000 rw-p 00000000 00:00 0 
2b718d416000-2b718d419000 ---p 00000000 00:00 0 
2b718d419000-2b718d517000 rw-p 00000000 00:00 0 
2b718d517000-2b718d51a000 ---p 00000000 00:00 0 
2b718d51a000-2b718d618000 rw-p 00000000 00:00 0 
2b718d618000-2b718d61b000 ---p 00000000 00:00 0 
2b718d61b000-2b718d719000 rw-p 00000000 00:00 0 
2b718d719000-2b718d71c000 ---p 00000000 00:00 0 
2b718d71c000-2b718d81a000 rw-p 00000000 00:00 0 
2b718d81a000-2b718d81d000 ---p 00000000 00:00 0 
2b718d81d000-2b718d91b000 rw-p 00000000 00:00 0 
2b718d91b000-2b718d91e000 ---p 00000000 00:00 0 
2b718d91e000-2b718da1c000 rw-p 00000000 00:00 0 
2b718da1c000-2b718da1f000 ---p 00000000 00:00 0 
2b718da1f000-2b718db1d000 rw-p 00000000 00:00 0 
2b718db1d000-2b718db20000 ---p 00000000 00:00 0 
2b718db20000-2b718dc1e000 rw-p 00000000 00:00 0 
2b718dc1e000-2b718dc21000 ---p 00000000 00:00 0 
2b718dc21000-2b718dd1f000 rw-p 00000000 00:00 0 
2b718dd1f000-2b718dd22000 ---p 00000000 00:00 0 
2b718dd22000-2b718de20000 rw-p 00000000 00:00 0 
2b718de20000-2b718de23000 ---p 00000000 00:00 0 
2b718de23000-2b718df21000 rw-p 00000000 00:00 0 
2b718df21000-2b718df24000 ---p 00000000 00:00 0 
2b718df24000-2b718e022000 rw-p 00000000 00:00 0 
2b7190000000-2b7190021000 rw-p 00000000 00:00 0 
2b7190021000-2b7194000000 ---p 00000000 00:00 0 
2b7194000000-2b7194021000 rw-p 00000000 00:00 0 
2b7194021000-2b7198000000 ---p 00000000 00:00 0 
2b7198000000-2b7198021000 rw-p 00000000 00:00 0 
2b7198021000-2b719c000000 ---p 00000000 00:00 0 
2b719c000000-2b719c4b7000 rw-p 00000000 00:00 0 
2b719c4b7000-2b71a0000000 ---p 00000000 00:00 0 
2b71a0000000-2b71a0466000 rw-p 00000000 00:00 0 
2b71a0466000-2b71a4000000 ---p 00000000 00:00 0 
2b71a4000000-2b71a4021000 rw-p 00000000 00:00 0 
2b71a4021000-2b71a8000000 ---p 00000000 00:00 0 
2b71a8000000-2b71a8021000 rw-p 00000000 00:00 0 
2b71a8021000-2b71ac000000 ---p 00000000 00:00 0 
2b71ac000000-2b71ac021000 rw-p 00000000 00:00 0 
2b71ac021000-2b71b0000000 ---p 00000000 00:00 0 
2b71b0000000-2b71b0021000 rw-p 00000000 00:00 0 
2b71b0021000-2b71b4000000 ---p 00000000 00:00 0 
2b71b4000000-2b71b4021000 rw-p 00000000 00:00 0 
2b71b4021000-2b71b8000000 ---p 00000000 00:00 0 
2b71b8000000-2b71b8021000 rw-p 00000000 00:00 0 
2b71b8021000-2b71bc000000 ---p 00000000 00:00 0 
2b71bc000000-2b71bc0bb000 rw-p 00000000 00:00 0 
2b71bc0bb000-2b71c0000000 ---p 00000000 00:00 0 
2b71c0000000-2b71c0021000 rw-p 00000000 00:00 0 
2b71c0021000-2b71c4000000 ---p 00000000 00:00 0 
2b71c4000000-2b71c4021000 rw-p 00000000 00:00 0 
2b71c4021000-2b71c8000000 ---p 00000000 00:00 0 
2b71c8000000-2b71c8021000 rw-p 00000000 00:00 0 
2b71c8021000-2b71cc000000 ---p 00000000 00:00 0 
2b71cc000000-2b71cc021000 rw-p 00000000 00:00 0 
2b71cc021000-2b71d0000000 ---p 00000000 00:00 0 
2b71d0000000-2b71d0021000 rw-p 00000000 00:00 0 
2b71d0021000-2b71d4000000 ---p 00000000 00:00 0 
2b71d4000000-2b71d4021000 rw-p 00000000 00:00 0 
2b71d4021000-2b71d8000000 ---p 00000000 00:00 0 
2b71d8000000-2b71d8021000 rw-p 00000000 00:00 0 
2b71d8021000-2b71dc000000 ---p 00000000 00:00 0 
2b71dc000000-2b71dc021000 rw-p 00000000 00:00 0 
2b71dc021000-2b71e0000000 ---p 00000000 00:00 0 
2b71e0000000-2b71e0021000 rw-p 00000000 00:00 0 
2b71e0021000-2b71e4000000 ---p 00000000 00:00 0 
2b71e4000000-2b71e4021000 rw-p 00000000 00:00 0 
2b71e4021000-2b71e8000000 ---p 00000000 00:00 0 
2b71e8000000-2b71e8021000 rw-p 00000000 00:00 0 
2b71e8021000-2b71ec000000 ---p 00000000 00:00 0 
2b71ec000000-2b71ec021000 rw-p 00000000 00:00 0 
2b71ec021000-2b71f0000000 ---p 00000000 00:00 0 
2b71f0000000-2b71f0021000 rw-p 00000000 00:00 0 
2b71f0021000-2b71f4000000 ---p 00000000 00:00 0 
2b71f4000000-2b71f4021000 rw-p 00000000 00:00 0 
2b71f4021000-2b71f8000000 ---p 00000000 00:00 0 
2b71f8000000-2b71f8021000 rw-p 00000000 00:00 0 
2b71f8021000-2b71fc000000 ---p 00000000 00:00 0 
2b71fc000000-2b71fc021000 rw-p 00000000 00:00 0 
2b71fc021000-2b7200000000 ---p 00000000 00:00 0 
2b7200000000-2b7200021000 rw-p 00000000 00:00 0 
2b7200021000-2b7204000000 ---p 00000000 00:00 0 
2b7204000000-2b7204021000 rw-p 00000000 00:00 0 
2b7204021000-2b7208000000 ---p 00000000 00:00 0 
2b7208000000-2b7208021000 rw-p 00000000 00:00 0 
2b7208021000-2b720c000000 ---p 00000000 00:00 0 
2b720c000000-2b720c003000 ---p 00000000 00:00 0 
2b720c003000-2b720c101000 rw-p 00000000 00:00 0 
2b7210000000-2b7210021000 rw-p 00000000 00:00 0 
2b7210021000-2b7214000000 ---p 00000000 00:00 0 
2b7214000000-2b7214021000 rw-p 00000000 00:00 0 
2b7214021000-2b7218000000 ---p 00000000 00:00 0 
2b7218000000-2b7218021000 rw-p 00000000 00:00 0 
2b7218021000-2b721c000000 ---p 00000000 00:00 0 
2b721c000000-2b721c021000 rw-p 00000000 00:00 0 
2b721c021000-2b7220000000 ---p 00000000 00:00 0 
2b7220000000-2b7220021000 rw-p 00000000 00:00 0 
2b7220021000-2b7224000000 ---p 00000000 00:00 0 
2b7224000000-2b7224021000 rw-p 00000000 00:00 0 
2b7224021000-2b7228000000 ---p 00000000 00:00 0 
2b7228000000-2b7228021000 rw-p 00000000 00:00 0 
2b7228021000-2b722c000000 ---p 00000000 00:00 0 
2b722c000000-2b722c021000 rw-p 00000000 00:00 0 
2b722c021000-2b7230000000 ---p 00000000 00:00 0 
7fff8a2dc000-7fff8a2f1000 rw-p 00000000 00:00 0                          [stack]
7fff8a312000-7fff8a313000 r-xp 00000000 00:00 0                          [vdso]
ffffffffff600000-ffffffffff601000 r-xp 00000000 00:00 0                  [vsyscall]

VM Arguments:
java_command: /home/nenarokova/Trimmomatic-0.33/trimmomatic-0.33.jar PE -phred33 -threads 24 -trimlog /home/nenarokova/wheat/R1/sum_fastq1/B10_1/trim_out/trimlog /home/nenarokova/wheat/R1/sum_fastq1/B10_1.fastq /home/nenarokova/wheat/R1/sum_fastq1/F7_2.fastq /home/nenarokova/wheat/R1/sum_fastq1/B10_1/trim_out/paired_out_fw.fastq /home/nenarokova/wheat/R1/sum_fastq1/B10_1/trim_out/unpaired_out_fw.fastq /home/nenarokova/wheat/R1/sum_fastq1/B10_1/trim_out/paired_out_rv.fastq /home/nenarokova/wheat/R1/sum_fastq1/B10_1/trim_out/unpaired_out_rv.fastq ILLUMINACLIP:/home/nenarokova/Trimmomatic-0.33/adapters/adapters.fa:2:30:10 LEADING:3 TRAILING:3 SLIDINGWINDOW:4:30 MINLEN:30
Launcher Type: SUN_STANDARD

Environment Variables:
JAVA_HOME=/home/tools/java/jdk1.7.0_02
CLASSPATH=/home/tools/java/jdk1.7.0_02/lib:.:
PATH=/usr/lib64/qt-3.3/bin:/home/tools/OMA.0.99/OMA/bin:/home/tools/LocARNA/bin:/home/tools/ViennaRNA/bin:/home/tools/polyphen-2.2.2/bin:/home/tools/amos/bin:/home/tools/cuda-6.0/bin:/home/tools/MUMmer3.23:/home/tools/velvet:/home/tools/ncbi-blast-2.2.25+/bin:/home/tools/bowtie-0.12.7:/home/tools/bwa-0.6.1:/home/tools/samtools-0.1.18/bin:.:/home/tools/java/jdk1.7.0_02/bin:/home/tools/bin:/bin:/usr/bin:/usr/local/sbin:/usr/sbin:/sbin:/home/nenarokova/bin
LD_LIBRARY_PATH=:/home/tools/cuda-6.0/lib64:/home/tools/cuda-6.0/lib:/home/tools/ViennaRNA/lib:/home/tools/ViennaRNA/lib64:/home/tools/LocARNA/lib
SHELL=/bin/bash

Signal Handlers:
SIGSEGV: [libjvm.so+0x856f20], sa_mask[0]=0x7ffbfeff, sa_flags=0x10000004
SIGBUS: [libjvm.so+0x856f20], sa_mask[0]=0x7ffbfeff, sa_flags=0x10000004
SIGFPE: [libjvm.so+0x6fd190], sa_mask[0]=0x7ffbfeff, sa_flags=0x10000004
SIGPIPE: [libjvm.so+0x6fd190], sa_mask[0]=0x7ffbfeff, sa_flags=0x10000004
SIGXFSZ: [libjvm.so+0x6fd190], sa_mask[0]=0x7ffbfeff, sa_flags=0x10000004
SIGILL: [libjvm.so+0x6fd190], sa_mask[0]=0x7ffbfeff, sa_flags=0x10000004
SIGUSR1: SIG_DFL, sa_mask[0]=0x00000000, sa_flags=0x00000000
SIGUSR2: [libjvm.so+0x6fcb00], sa_mask[0]=0x00000000, sa_flags=0x10000004
SIGHUP: [libjvm.so+0x6fee70], sa_mask[0]=0x7ffbfeff, sa_flags=0x10000004
SIGINT: [libjvm.so+0x6fee70], sa_mask[0]=0x7ffbfeff, sa_flags=0x10000004
SIGTERM: [libjvm.so+0x6fee70], sa_mask[0]=0x7ffbfeff, sa_flags=0x10000004
SIGQUIT: [libjvm.so+0x6fee70], sa_mask[0]=0x7ffbfeff, sa_flags=0x10000004


---------------  S Y S T E M  ---------------

OS:Scientific Linux release 6.6 (Carbon)

uname:Linux 2.6.32-358.18.1.el6.x86_64 #1 SMP Tue Aug 27 14:23:09 CDT 2013 x86_64
libc:glibc 2.12 NPTL 2.12 
rlimit: STACK infinity, CORE 0k, NPROC 385894, NOFILE 32768, AS infinity
load average:78.43 98.10 63.61

/proc/meminfo:
MemTotal:       49416672 kB
MemFree:          205284 kB
Buffers:             692 kB
Cached:           861224 kB
SwapCached:            0 kB
Active:         47292104 kB
Inactive:         835884 kB
Active(anon):   47269988 kB
Inactive(anon):      368 kB
Active(file):      22116 kB
Inactive(file):   835516 kB
Unevictable:       10308 kB
Mlocked:           10308 kB
SwapTotal:             0 kB
SwapFree:              0 kB
Dirty:             21008 kB
Writeback:             0 kB
AnonPages:      47281724 kB
Mapped:             7856 kB
Shmem:               228 kB
Slab:             325636 kB
SReclaimable:      17440 kB
SUnreclaim:       308196 kB
KernelStack:       16560 kB
PageTables:       110656 kB
NFS_Unstable:          0 kB
Bounce:                0 kB
WritebackTmp:          0 kB
CommitLimit:    24708336 kB
Committed_AS:   74685108 kB
VmallocTotal:   34359738367 kB
VmallocUsed:      648604 kB
VmallocChunk:   34333127628 kB
HardwareCorrupted:     0 kB
AnonHugePages:  27248640 kB
HugePages_Total:       0
HugePages_Free:        0
HugePages_Rsvd:        0
HugePages_Surp:        0
Hugepagesize:       2048 kB
DirectMap4k:        5632 kB
DirectMap2M:     2082816 kB
DirectMap1G:    48234496 kB


CPU:total 24 (6 cores per cpu, 2 threads per core) family 6 model 44 stepping 2, cmov, cx8, fxsr, mmx, sse, sse2, sse3, ssse3, sse4.1, sse4.2, popcnt, ht

/proc/cpuinfo:
processor	: 0
vendor_id	: GenuineIntel
cpu family	: 6
model		: 44
model name	: Intel(R) Xeon(R) CPU           X5670  @ 2.93GHz
stepping	: 2
cpu MHz		: 2934.000
cache size	: 12288 KB
physical id	: 0
siblings	: 12
core id		: 0
cpu cores	: 6
apicid		: 0
initial apicid	: 0
fpu		: yes
fpu_exception	: yes
cpuid level	: 11
wp		: yes
flags		: fpu vme de pse tsc msr pae mce cx8 apic sep mtrr pge mca cmov pat pse36 clflush dts acpi mmx fxsr sse sse2 ss ht tm pbe syscall nx pdpe1gb rdtscp lm constant_tsc arch_perfmon pebs bts rep_good xtopology nonstop_tsc aperfmperf pni pclmulqdq dtes64 monitor ds_cpl vmx smx est tm2 ssse3 cx16 xtpr pdcm pcid dca sse4_1 sse4_2 popcnt aes lahf_lm ida arat epb dts tpr_shadow vnmi flexpriority ept vpid
bogomips	: 5866.89
clflush size	: 64
cache_alignment	: 64
address sizes	: 40 bits physical, 48 bits virtual
power management:

processor	: 1
vendor_id	: GenuineIntel
cpu family	: 6
model		: 44
model name	: Intel(R) Xeon(R) CPU           X5670  @ 2.93GHz
stepping	: 2
cpu MHz		: 2934.000
cache size	: 12288 KB
physical id	: 0
siblings	: 12
core id		: 1
cpu cores	: 6
apicid		: 2
initial apicid	: 2
fpu		: yes
fpu_exception	: yes
cpuid level	: 11
wp		: yes
flags		: fpu vme de pse tsc msr pae mce cx8 apic sep mtrr pge mca cmov pat pse36 clflush dts acpi mmx fxsr sse sse2 ss ht tm pbe syscall nx pdpe1gb rdtscp lm constant_tsc arch_perfmon pebs bts rep_good xtopology nonstop_tsc aperfmperf pni pclmulqdq dtes64 monitor ds_cpl vmx smx est tm2 ssse3 cx16 xtpr pdcm pcid dca sse4_1 sse4_2 popcnt aes lahf_lm ida arat epb dts tpr_shadow vnmi flexpriority ept vpid
bogomips	: 5866.89
clflush size	: 64
cache_alignment	: 64
address sizes	: 40 bits physical, 48 bits virtual
power management:

processor	: 2
vendor_id	: GenuineIntel
cpu family	: 6
model		: 44
model name	: Intel(R) Xeon(R) CPU           X5670  @ 2.93GHz
stepping	: 2
cpu MHz		: 2934.000
cache size	: 12288 KB
physical id	: 0
siblings	: 12
core id		: 2
cpu cores	: 6
apicid		: 4
initial apicid	: 4
fpu		: yes
fpu_exception	: yes
cpuid level	: 11
wp		: yes
flags		: fpu vme de pse tsc msr pae mce cx8 apic sep mtrr pge mca cmov pat pse36 clflush dts acpi mmx fxsr sse sse2 ss ht tm pbe syscall nx pdpe1gb rdtscp lm constant_tsc arch_perfmon pebs bts rep_good xtopology nonstop_tsc aperfmperf pni pclmulqdq dtes64 monitor ds_cpl vmx smx est tm2 ssse3 cx16 xtpr pdcm pcid dca sse4_1 sse4_2 popcnt aes lahf_lm ida arat epb dts tpr_shadow vnmi flexpriority ept vpid
bogomips	: 5866.89
clflush size	: 64
cache_alignment	: 64
address sizes	: 40 bits physical, 48 bits virtual
power management:

processor	: 3
vendor_id	: GenuineIntel
cpu family	: 6
model		: 44
model name	: Intel(R) Xeon(R) CPU           X5670  @ 2.93GHz
stepping	: 2
cpu MHz		: 2934.000
cache size	: 12288 KB
physical id	: 0
siblings	: 12
core id		: 8
cpu cores	: 6
apicid		: 16
initial apicid	: 16
fpu		: yes
fpu_exception	: yes
cpuid level	: 11
wp		: yes
flags		: fpu vme de pse tsc msr pae mce cx8 apic sep mtrr pge mca cmov pat pse36 clflush dts acpi mmx fxsr sse sse2 ss ht tm pbe syscall nx pdpe1gb rdtscp lm constant_tsc arch_perfmon pebs bts rep_good xtopology nonstop_tsc aperfmperf pni pclmulqdq dtes64 monitor ds_cpl vmx smx est tm2 ssse3 cx16 xtpr pdcm pcid dca sse4_1 sse4_2 popcnt aes lahf_lm ida arat epb dts tpr_shadow vnmi flexpriority ept vpid
bogomips	: 5866.89
clflush size	: 64
cache_alignment	: 64
address sizes	: 40 bits physical, 48 bits virtual
power management:

processor	: 4
vendor_id	: GenuineIntel
cpu family	: 6
model		: 44
model name	: Intel(R) Xeon(R) CPU           X5670  @ 2.93GHz
stepping	: 2
cpu MHz		: 2934.000
cache size	: 12288 KB
physical id	: 0
siblings	: 12
core id		: 9
cpu cores	: 6
apicid		: 18
initial apicid	: 18
fpu		: yes
fpu_exception	: yes
cpuid level	: 11
wp		: yes
flags		: fpu vme de pse tsc msr pae mce cx8 apic sep mtrr pge mca cmov pat pse36 clflush dts acpi mmx fxsr sse sse2 ss ht tm pbe syscall nx pdpe1gb rdtscp lm constant_tsc arch_perfmon pebs bts rep_good xtopology nonstop_tsc aperfmperf pni pclmulqdq dtes64 monitor ds_cpl vmx smx est tm2 ssse3 cx16 xtpr pdcm pcid dca sse4_1 sse4_2 popcnt aes lahf_lm ida arat epb dts tpr_shadow vnmi flexpriority ept vpid
bogomips	: 5866.89
clflush size	: 64
cache_alignment	: 64
address sizes	: 40 bits physical, 48 bits virtual
power management:

processor	: 5
vendor_id	: GenuineIntel
cpu family	: 6
model		: 44
model name	: Intel(R) Xeon(R) CPU           X5670  @ 2.93GHz
stepping	: 2
cpu MHz		: 2934.000
cache size	: 12288 KB
physical id	: 0
siblings	: 12
core id		: 10
cpu cores	: 6
apicid		: 20
initial apicid	: 20
fpu		: yes
fpu_exception	: yes
cpuid level	: 11
wp		: yes
flags		: fpu vme de pse tsc msr pae mce cx8 apic sep mtrr pge mca cmov pat pse36 clflush dts acpi mmx fxsr sse sse2 ss ht tm pbe syscall nx pdpe1gb rdtscp lm constant_tsc arch_perfmon pebs bts rep_good xtopology nonstop_tsc aperfmperf pni pclmulqdq dtes64 monitor ds_cpl vmx smx est tm2 ssse3 cx16 xtpr pdcm pcid dca sse4_1 sse4_2 popcnt aes lahf_lm ida arat epb dts tpr_shadow vnmi flexpriority ept vpid
bogomips	: 5866.89
clflush size	: 64
cache_alignment	: 64
address sizes	: 40 bits physical, 48 bits virtual
power management:

processor	: 6
vendor_id	: GenuineIntel
cpu family	: 6
model		: 44
model name	: Intel(R) Xeon(R) CPU           X5670  @ 2.93GHz
stepping	: 2
cpu MHz		: 2934.000
cache size	: 12288 KB
physical id	: 1
siblings	: 12
core id		: 0
cpu cores	: 6
apicid		: 32
initial apicid	: 32
fpu		: yes
fpu_exception	: yes
cpuid level	: 11
wp		: yes
flags		: fpu vme de pse tsc msr pae mce cx8 apic sep mtrr pge mca cmov pat pse36 clflush dts acpi mmx fxsr sse sse2 ss ht tm pbe syscall nx pdpe1gb rdtscp lm constant_tsc arch_perfmon pebs bts rep_good xtopology nonstop_tsc aperfmperf pni pclmulqdq dtes64 monitor ds_cpl vmx smx est tm2 ssse3 cx16 xtpr pdcm pcid dca sse4_1 sse4_2 popcnt aes lahf_lm ida arat epb dts tpr_shadow vnmi flexpriority ept vpid
bogomips	: 5866.53
clflush size	: 64
cache_alignment	: 64
address sizes	: 40 bits physical, 48 bits virtual
power management:

processor	: 7
vendor_id	: GenuineIntel
cpu family	: 6
model		: 44
model name	: Intel(R) Xeon(R) CPU           X5670  @ 2.93GHz
stepping	: 2
cpu MHz		: 2934.000
cache size	: 12288 KB
physical id	: 1
siblings	: 12
core id		: 1
cpu cores	: 6
apicid		: 34
initial apicid	: 34
fpu		: yes
fpu_exception	: yes
cpuid level	: 11
wp		: yes
flags		: fpu vme de pse tsc msr pae mce cx8 apic sep mtrr pge mca cmov pat pse36 clflush dts acpi mmx fxsr sse sse2 ss ht tm pbe syscall nx pdpe1gb rdtscp lm constant_tsc arch_perfmon pebs bts rep_good xtopology nonstop_tsc aperfmperf pni pclmulqdq dtes64 monitor ds_cpl vmx smx est tm2 ssse3 cx16 xtpr pdcm pcid dca sse4_1 sse4_2 popcnt aes lahf_lm ida arat epb dts tpr_shadow vnmi flexpriority ept vpid
bogomips	: 5866.53
clflush size	: 64
cache_alignment	: 64
address sizes	: 40 bits physical, 48 bits virtual
power management:

processor	: 8
vendor_id	: GenuineIntel
cpu family	: 6
model		: 44
model name	: Intel(R) Xeon(R) CPU           X5670  @ 2.93GHz
stepping	: 2
cpu MHz		: 2934.000
cache size	: 12288 KB
physical id	: 1
siblings	: 12
core id		: 2
cpu cores	: 6
apicid		: 36
initial apicid	: 36
fpu		: yes
fpu_exception	: yes
cpuid level	: 11
wp		: yes
flags		: fpu vme de pse tsc msr pae mce cx8 apic sep mtrr pge mca cmov pat pse36 clflush dts acpi mmx fxsr sse sse2 ss ht tm pbe syscall nx pdpe1gb rdtscp lm constant_tsc arch_perfmon pebs bts rep_good xtopology nonstop_tsc aperfmperf pni pclmulqdq dtes64 monitor ds_cpl vmx smx est tm2 ssse3 cx16 xtpr pdcm pcid dca sse4_1 sse4_2 popcnt aes lahf_lm ida arat epb dts tpr_shadow vnmi flexpriority ept vpid
bogomips	: 5866.53
clflush size	: 64
cache_alignment	: 64
address sizes	: 40 bits physical, 48 bits virtual
power management:

processor	: 9
vendor_id	: GenuineIntel
cpu family	: 6
model		: 44
model name	: Intel(R) Xeon(R) CPU           X5670  @ 2.93GHz
stepping	: 2
cpu MHz		: 2934.000
cache size	: 12288 KB
physical id	: 1
siblings	: 12
core id		: 8
cpu cores	: 6
apicid		: 48
initial apicid	: 48
fpu		: yes
fpu_exception	: yes
cpuid level	: 11
wp		: yes
flags		: fpu vme de pse tsc msr pae mce cx8 apic sep mtrr pge mca cmov pat pse36 clflush dts acpi mmx fxsr sse sse2 ss ht tm pbe syscall nx pdpe1gb rdtscp lm constant_tsc arch_perfmon pebs bts rep_good xtopology nonstop_tsc aperfmperf pni pclmulqdq dtes64 monitor ds_cpl vmx smx est tm2 ssse3 cx16 xtpr pdcm pcid dca sse4_1 sse4_2 popcnt aes lahf_lm ida arat epb dts tpr_shadow vnmi flexpriority ept vpid
bogomips	: 5866.53
clflush size	: 64
cache_alignment	: 64
address sizes	: 40 bits physical, 48 bits virtual
power management:

processor	: 10
vendor_id	: GenuineIntel
cpu family	: 6
model		: 44
model name	: Intel(R) Xeon(R) CPU           X5670  @ 2.93GHz
stepping	: 2
cpu MHz		: 2934.000
cache size	: 12288 KB
physical id	: 1
siblings	: 12
core id		: 9
cpu cores	: 6
apicid		: 50
initial apicid	: 50
fpu		: yes
fpu_exception	: yes
cpuid level	: 11
wp		: yes
flags		: fpu vme de pse tsc msr pae mce cx8 apic sep mtrr pge mca cmov pat pse36 clflush dts acpi mmx fxsr sse sse2 ss ht tm pbe syscall nx pdpe1gb rdtscp lm constant_tsc arch_perfmon pebs bts rep_good xtopology nonstop_tsc aperfmperf pni pclmulqdq dtes64 monitor ds_cpl vmx smx est tm2 ssse3 cx16 xtpr pdcm pcid dca sse4_1 sse4_2 popcnt aes lahf_lm ida arat epb dts tpr_shadow vnmi flexpriority ept vpid
bogomips	: 5866.53
clflush size	: 64
cache_alignment	: 64
address sizes	: 40 bits physical, 48 bits virtual
power management:

processor	: 11
vendor_id	: GenuineIntel
cpu family	: 6
model		: 44
model name	: Intel(R) Xeon(R) CPU           X5670  @ 2.93GHz
stepping	: 2
cpu MHz		: 2934.000
cache size	: 12288 KB
physical id	: 1
siblings	: 12
core id		: 10
cpu cores	: 6
apicid		: 52
initial apicid	: 52
fpu		: yes
fpu_exception	: yes
cpuid level	: 11
wp		: yes
flags		: fpu vme de pse tsc msr pae mce cx8 apic sep mtrr pge mca cmov pat pse36 clflush dts acpi mmx fxsr sse sse2 ss ht tm pbe syscall nx pdpe1gb rdtscp lm constant_tsc arch_perfmon pebs bts rep_good xtopology nonstop_tsc aperfmperf pni pclmulqdq dtes64 monitor ds_cpl vmx smx est tm2 ssse3 cx16 xtpr pdcm pcid dca sse4_1 sse4_2 popcnt aes lahf_lm ida arat epb dts tpr_shadow vnmi flexpriority ept vpid
bogomips	: 5866.53
clflush size	: 64
cache_alignment	: 64
address sizes	: 40 bits physical, 48 bits virtual
power management:

processor	: 12
vendor_id	: GenuineIntel
cpu family	: 6
model		: 44
model name	: Intel(R) Xeon(R) CPU           X5670  @ 2.93GHz
stepping	: 2
cpu MHz		: 2934.000
cache size	: 12288 KB
physical id	: 0
siblings	: 12
core id		: 0
cpu cores	: 6
apicid		: 1
initial apicid	: 1
fpu		: yes
fpu_exception	: yes
cpuid level	: 11
wp		: yes
flags		: fpu vme de pse tsc msr pae mce cx8 apic sep mtrr pge mca cmov pat pse36 clflush dts acpi mmx fxsr sse sse2 ss ht tm pbe syscall nx pdpe1gb rdtscp lm constant_tsc arch_perfmon pebs bts rep_good xtopology nonstop_tsc aperfmperf pni pclmulqdq dtes64 monitor ds_cpl vmx smx est tm2 ssse3 cx16 xtpr pdcm pcid dca sse4_1 sse4_2 popcnt aes lahf_lm ida arat epb dts tpr_shadow vnmi flexpriority ept vpid
bogomips	: 5866.89
clflush size	: 64
cache_alignment	: 64
address sizes	: 40 bits physical, 48 bits virtual
power management:

processor	: 13
vendor_id	: GenuineIntel
cpu family	: 6
model		: 44
model name	: Intel(R) Xeon(R) CPU           X5670  @ 2.93GHz
stepping	: 2
cpu MHz		: 2934.000
cache size	: 12288 KB
physical id	: 0
siblings	: 12
core id		: 1
cpu cores	: 6
apicid		: 3
initial apicid	: 3
fpu		: yes
fpu_exception	: yes
cpuid level	: 11
wp		: yes
flags		: fpu vme de pse tsc msr pae mce cx8 apic sep mtrr pge mca cmov pat pse36 clflush dts acpi mmx fxsr sse sse2 ss ht tm pbe syscall nx pdpe1gb rdtscp lm constant_tsc arch_perfmon pebs bts rep_good xtopology nonstop_tsc aperfmperf pni pclmulqdq dtes64 monitor ds_cpl vmx smx est tm2 ssse3 cx16 xtpr pdcm pcid dca sse4_1 sse4_2 popcnt aes lahf_lm ida arat epb dts tpr_shadow vnmi flexpriority ept vpid
bogomips	: 5866.89
clflush size	: 64
cache_alignment	: 64
address sizes	: 40 bits physical, 48 bits virtual
power management:

processor	: 14
vendor_id	: GenuineIntel
cpu family	: 6
model		: 44
model name	: Intel(R) Xeon(R) CPU           X5670  @ 2.93GHz
stepping	: 2
cpu MHz		: 2533.000
cache size	: 12288 KB
physical id	: 0
siblings	: 12
core id		: 2
cpu cores	: 6
apicid		: 5
initial apicid	: 5
fpu		: yes
fpu_exception	: yes
cpuid level	: 11
wp		: yes
flags		: fpu vme de pse tsc msr pae mce cx8 apic sep mtrr pge mca cmov pat pse36 clflush dts acpi mmx fxsr sse sse2 ss ht tm pbe syscall nx pdpe1gb rdtscp lm constant_tsc arch_perfmon pebs bts rep_good xtopology nonstop_tsc aperfmperf pni pclmulqdq dtes64 monitor ds_cpl vmx smx est tm2 ssse3 cx16 xtpr pdcm pcid dca sse4_1 sse4_2 popcnt aes lahf_lm ida arat epb dts tpr_shadow vnmi flexpriority ept vpid
bogomips	: 5866.89
clflush size	: 64
cache_alignment	: 64
address sizes	: 40 bits physical, 48 bits virtual
power management:

processor	: 15
vendor_id	: GenuineIntel
cpu family	: 6
model		: 44
model name	: Intel(R) Xeon(R) CPU           X5670  @ 2.93GHz
stepping	: 2
cpu MHz		: 2934.000
cache size	: 12288 KB
physical id	: 0
siblings	: 12
core id		: 8
cpu cores	: 6
apicid		: 17
initial apicid	: 17
fpu		: yes
fpu_exception	: yes
cpuid level	: 11
wp		: yes
flags		: fpu vme de pse tsc msr pae mce cx8 apic sep mtrr pge mca cmov pat pse36 clflush dts acpi mmx fxsr sse sse2 ss ht tm pbe syscall nx pdpe1gb rdtscp lm constant_tsc arch_perfmon pebs bts rep_good xtopology nonstop_tsc aperfmperf pni pclmulqdq dtes64 monitor ds_cpl vmx smx est tm2 ssse3 cx16 xtpr pdcm pcid dca sse4_1 sse4_2 popcnt aes lahf_lm ida arat epb dts tpr_shadow vnmi flexpriority ept vpid
bogomips	: 5866.89
clflush size	: 64
cache_alignment	: 64
address sizes	: 40 bits physical, 48 bits virtual
power management:

processor	: 16
vendor_id	: GenuineIntel
cpu family	: 6
model		: 44
model name	: Intel(R) Xeon(R) CPU           X5670  @ 2.93GHz
stepping	: 2
cpu MHz		: 2934.000
cache size	: 12288 KB
physical id	: 0
siblings	: 12
core id		: 9
cpu cores	: 6
apicid		: 19
initial apicid	: 19
fpu		: yes
fpu_exception	: yes
cpuid level	: 11
wp		: yes
flags		: fpu vme de pse tsc msr pae mce cx8 apic sep mtrr pge mca cmov pat pse36 clflush dts acpi mmx fxsr sse sse2 ss ht tm pbe syscall nx pdpe1gb rdtscp lm constant_tsc arch_perfmon pebs bts rep_good xtopology nonstop_tsc aperfmperf pni pclmulqdq dtes64 monitor ds_cpl vmx smx est tm2 ssse3 cx16 xtpr pdcm pcid dca sse4_1 sse4_2 popcnt aes lahf_lm ida arat epb dts tpr_shadow vnmi flexpriority ept vpid
bogomips	: 5866.89
clflush size	: 64
cache_alignment	: 64
address sizes	: 40 bits physical, 48 bits virtual
power management:

processor	: 17
vendor_id	: GenuineIntel
cpu family	: 6
model		: 44
model name	: Intel(R) Xeon(R) CPU           X5670  @ 2.93GHz
stepping	: 2
cpu MHz		: 2934.000
cache size	: 12288 KB
physical id	: 0
siblings	: 12
core id		: 10
cpu cores	: 6
apicid		: 21
initial apicid	: 21
fpu		: yes
fpu_exception	: yes
cpuid level	: 11
wp		: yes
flags		: fpu vme de pse tsc msr pae mce cx8 apic sep mtrr pge mca cmov pat pse36 clflush dts acpi mmx fxsr sse sse2 ss ht tm pbe syscall nx pdpe1gb rdtscp lm constant_tsc arch_perfmon pebs bts rep_good xtopology nonstop_tsc aperfmperf pni pclmulqdq dtes64 monitor ds_cpl vmx smx est tm2 ssse3 cx16 xtpr pdcm pcid dca sse4_1 sse4_2 popcnt aes lahf_lm ida arat epb dts tpr_shadow vnmi flexpriority ept vpid
bogomips	: 5866.89
clflush size	: 64
cache_alignment	: 64
address sizes	: 40 bits physical, 48 bits virtual
power management:

processor	: 18
vendor_id	: GenuineIntel
cpu family	: 6
model		: 44
model name	: Intel(R) Xeon(R) CPU           X5670  @ 2.93GHz
stepping	: 2
cpu MHz		: 2934.000
cache size	: 12288 KB
physical id	: 1
siblings	: 12
core id		: 0
cpu cores	: 6
apicid		: 33
initial apicid	: 33
fpu		: yes
fpu_exception	: yes
cpuid level	: 11
wp		: yes
flags		: fpu vme de pse tsc msr pae mce cx8 apic sep mtrr pge mca cmov pat pse36 clflush dts acpi mmx fxsr sse sse2 ss ht tm pbe syscall nx pdpe1gb rdtscp lm constant_tsc arch_perfmon pebs bts rep_good xtopology nonstop_tsc aperfmperf pni pclmulqdq dtes64 monitor ds_cpl vmx smx est tm2 ssse3 cx16 xtpr pdcm pcid dca sse4_1 sse4_2 popcnt aes lahf_lm ida arat epb dts tpr_shadow vnmi flexpriority ept vpid
bogomips	: 5866.53
clflush size	: 64
cache_alignment	: 64
address sizes	: 40 bits physical, 48 bits virtual
power management:

processor	: 19
vendor_id	: GenuineIntel
cpu family	: 6
model		: 44
model name	: Intel(R) Xeon(R) CPU           X5670  @ 2.93GHz
stepping	: 2
cpu MHz		: 2934.000
cache size	: 12288 KB
physical id	: 1
siblings	: 12
core id		: 1
cpu cores	: 6
apicid		: 35
initial apicid	: 35
fpu		: yes
fpu_exception	: yes
cpuid level	: 11
wp		: yes
flags		: fpu vme de pse tsc msr pae mce cx8 apic sep mtrr pge mca cmov pat pse36 clflush dts acpi mmx fxsr sse sse2 ss ht tm pbe syscall nx pdpe1gb rdtscp lm constant_tsc arch_perfmon pebs bts rep_good xtopology nonstop_tsc aperfmperf pni pclmulqdq dtes64 monitor ds_cpl vmx smx est tm2 ssse3 cx16 xtpr pdcm pcid dca sse4_1 sse4_2 popcnt aes lahf_lm ida arat epb dts tpr_shadow vnmi flexpriority ept vpid
bogomips	: 5866.53
clflush size	: 64
cache_alignment	: 64
address sizes	: 40 bits physical, 48 bits virtual
power management:

processor	: 20
vendor_id	: GenuineIntel
cpu family	: 6
model		: 44
model name	: Intel(R) Xeon(R) CPU           X5670  @ 2.93GHz
stepping	: 2
cpu MHz		: 2934.000
cache size	: 12288 KB
physical id	: 1
siblings	: 12
core id		: 2
cpu cores	: 6
apicid		: 37
initial apicid	: 37
fpu		: yes
fpu_exception	: yes
cpuid level	: 11
wp		: yes
flags		: fpu vme de pse tsc msr pae mce cx8 apic sep mtrr pge mca cmov pat pse36 clflush dts acpi mmx fxsr sse sse2 ss ht tm pbe syscall nx pdpe1gb rdtscp lm constant_tsc arch_perfmon pebs bts rep_good xtopology nonstop_tsc aperfmperf pni pclmulqdq dtes64 monitor ds_cpl vmx smx est tm2 ssse3 cx16 xtpr pdcm pcid dca sse4_1 sse4_2 popcnt aes lahf_lm ida arat epb dts tpr_shadow vnmi flexpriority ept vpid
bogomips	: 5866.53
clflush size	: 64
cache_alignment	: 64
address sizes	: 40 bits physical, 48 bits virtual
power management:

processor	: 21
vendor_id	: GenuineIntel
cpu family	: 6
model		: 44
model name	: Intel(R) Xeon(R) CPU           X5670  @ 2.93GHz
stepping	: 2
cpu MHz		: 2934.000
cache size	: 12288 KB
physical id	: 1
siblings	: 12
core id		: 8
cpu cores	: 6
apicid		: 49
initial apicid	: 49
fpu		: yes
fpu_exception	: yes
cpuid level	: 11
wp		: yes
flags		: fpu vme de pse tsc msr pae mce cx8 apic sep mtrr pge mca cmov pat pse36 clflush dts acpi mmx fxsr sse sse2 ss ht tm pbe syscall nx pdpe1gb rdtscp lm constant_tsc arch_perfmon pebs bts rep_good xtopology nonstop_tsc aperfmperf pni pclmulqdq dtes64 monitor ds_cpl vmx smx est tm2 ssse3 cx16 xtpr pdcm pcid dca sse4_1 sse4_2 popcnt aes lahf_lm ida arat epb dts tpr_shadow vnmi flexpriority ept vpid
bogomips	: 5866.53
clflush size	: 64
cache_alignment	: 64
address sizes	: 40 bits physical, 48 bits virtual
power management:

processor	: 22
vendor_id	: GenuineIntel
cpu family	: 6
model		: 44
model name	: Intel(R) Xeon(R) CPU           X5670  @ 2.93GHz
stepping	: 2
cpu MHz		: 2934.000
cache size	: 12288 KB
physical id	: 1
siblings	: 12
core id		: 9
cpu cores	: 6
apicid		: 51
initial apicid	: 51
fpu		: yes
fpu_exception	: yes
cpuid level	: 11
wp		: yes
flags		: fpu vme de pse tsc msr pae mce cx8 apic sep mtrr pge mca cmov pat pse36 clflush dts acpi mmx fxsr sse sse2 ss ht tm pbe syscall nx pdpe1gb rdtscp lm constant_tsc arch_perfmon pebs bts rep_good xtopology nonstop_tsc aperfmperf pni pclmulqdq dtes64 monitor ds_cpl vmx smx est tm2 ssse3 cx16 xtpr pdcm pcid dca sse4_1 sse4_2 popcnt aes lahf_lm ida arat epb dts tpr_shadow vnmi flexpriority ept vpid
bogomips	: 5866.53
clflush size	: 64
cache_alignment	: 64
address sizes	: 40 bits physical, 48 bits virtual
power management:

processor	: 23
vendor_id	: GenuineIntel
cpu family	: 6
model		: 44
model name	: Intel(R) Xeon(R) CPU           X5670  @ 2.93GHz
stepping	: 2
cpu MHz		: 2934.000
cache size	: 12288 KB
physical id	: 1
siblings	: 12
core id		: 10
cpu cores	: 6
apicid		: 53
initial apicid	: 53
fpu		: yes
fpu_exception	: yes
cpuid level	: 11
wp		: yes
flags		: fpu vme de pse tsc msr pae mce cx8 apic sep mtrr pge mca cmov pat pse36 clflush dts acpi mmx fxsr sse sse2 ss ht tm pbe syscall nx pdpe1gb rdtscp lm constant_tsc arch_perfmon pebs bts rep_good xtopology nonstop_tsc aperfmperf pni pclmulqdq dtes64 monitor ds_cpl vmx smx est tm2 ssse3 cx16 xtpr pdcm pcid dca sse4_1 sse4_2 popcnt aes lahf_lm ida arat epb dts tpr_shadow vnmi flexpriority ept vpid
bogomips	: 5866.53
clflush size	: 64
cache_alignment	: 64
address sizes	: 40 bits physical, 48 bits virtual
power management:



Memory: 4k page, physical 49416672k(218584k free), swap 0k(0k free)

vm_info: Java HotSpot(TM) 64-Bit Server VM (22.0-b10) for linux-amd64 JRE (1.7.0_02-b13), built on Nov 17 2011 13:19:26 by "java_re" with gcc 4.3.0 20080428 (Red Hat 4.3.0-8)

time: Mon Mar 16 13:18:18 2015
elapsed time: 373 seconds

